{"/home/travis/build/npmtest/node-npmtest-gridfs-stream/test.js":{"path":"/home/travis/build/npmtest/node-npmtest-gridfs-stream/test.js","s":{"1":2,"2":2,"3":2,"4":2,"5":2,"6":2,"7":2,"8":1,"9":2,"10":2,"11":1,"12":1,"13":1,"14":1,"15":2,"16":2,"17":2,"18":2,"19":1,"20":1,"21":2,"22":2,"23":2,"24":1,"25":1,"26":1,"27":1,"28":1,"29":1,"30":1,"31":1,"32":1,"33":1,"34":1,"35":1,"36":1,"37":1,"38":1,"39":2,"40":2,"41":1,"42":2,"43":2,"44":1,"45":2,"46":2,"47":1,"48":2,"49":2,"50":1,"51":1,"52":1,"53":1,"54":1},"b":{"1":[2,1,1,1],"2":[1,1,1,1],"3":[1,1],"4":[1,1],"5":[1,1],"6":[1,1],"7":[1,1],"8":[1,1],"9":[1,1],"10":[1,1,1],"11":[1,1],"12":[1,1],"13":[1,1],"14":[1,1],"15":[1,1],"16":[1,1],"17":[1,1]},"f":{"1":2,"2":2,"3":2,"4":2,"5":2,"6":1,"7":1,"8":1,"9":2,"10":2,"11":2,"12":2,"13":1},"fnMap":{"1":{"name":"(anonymous_1)","line":12,"loc":{"start":{"line":12,"column":1},"end":{"line":12,"column":13}}},"2":{"name":"(anonymous_2)","line":19,"loc":{"start":{"line":19,"column":5},"end":{"line":19,"column":17}}},"3":{"name":"(anonymous_3)","line":23,"loc":{"start":{"line":23,"column":24},"end":{"line":23,"column":36}}},"4":{"name":"(anonymous_4)","line":61,"loc":{"start":{"line":61,"column":5},"end":{"line":61,"column":17}}},"5":{"name":"(anonymous_5)","line":82,"loc":{"start":{"line":82,"column":5},"end":{"line":82,"column":17}}},"6":{"name":"(anonymous_6)","line":91,"loc":{"start":{"line":91,"column":77},"end":{"line":94,"column":10}}},"7":{"name":"(anonymous_7)","line":112,"loc":{"start":{"line":112,"column":83},"end":{"line":115,"column":10}},"skip":true},"8":{"name":"(anonymous_8)","line":123,"loc":{"start":{"line":123,"column":77},"end":{"line":126,"column":10}},"skip":true},"9":{"name":"(anonymous_9)","line":139,"loc":{"start":{"line":139,"column":12},"end":{"line":139,"column":40}},"skip":true},"10":{"name":"(anonymous_10)","line":147,"loc":{"start":{"line":147,"column":77},"end":{"line":150,"column":10}},"skip":true},"11":{"name":"(anonymous_11)","line":158,"loc":{"start":{"line":158,"column":83},"end":{"line":161,"column":10}},"skip":true},"12":{"name":"(anonymous_12)","line":169,"loc":{"start":{"line":169,"column":79},"end":{"line":172,"column":10}},"skip":true},"13":{"name":"(anonymous_13)","line":180,"loc":{"start":{"line":180,"column":75},"end":{"line":183,"column":10}},"skip":true}},"statementMap":{"1":{"start":{"line":12,"column":0},"end":{"line":195,"column":5}},"2":{"start":{"line":14,"column":4},"end":{"line":14,"column":14}},"3":{"start":{"line":19,"column":4},"end":{"line":56,"column":9}},"4":{"start":{"line":21,"column":8},"end":{"line":21,"column":19}},"5":{"start":{"line":23,"column":8},"end":{"line":35,"column":13}},"6":{"start":{"line":24,"column":12},"end":{"line":34,"column":13}},"7":{"start":{"line":25,"column":16},"end":{"line":28,"column":30}},"8":{"start":{"line":30,"column":16},"end":{"line":33,"column":27}},"9":{"start":{"line":37,"column":8},"end":{"line":39,"column":21}},"10":{"start":{"line":40,"column":8},"end":{"line":53,"column":9}},"11":{"start":{"line":43,"column":12},"end":{"line":46,"column":14}},"12":{"start":{"line":47,"column":12},"end":{"line":47,"column":18}},"13":{"start":{"line":50,"column":12},"end":{"line":51,"column":46}},"14":{"start":{"line":52,"column":12},"end":{"line":52,"column":18}},"15":{"start":{"line":55,"column":8},"end":{"line":55,"column":35}},"16":{"start":{"line":61,"column":4},"end":{"line":63,"column":9}},"17":{"start":{"line":62,"column":8},"end":{"line":62,"column":15}},"18":{"start":{"line":64,"column":4},"end":{"line":77,"column":5}},"19":{"start":{"line":70,"column":8},"end":{"line":70,"column":14}},"20":{"start":{"line":76,"column":8},"end":{"line":76,"column":14}},"21":{"start":{"line":82,"column":4},"end":{"line":84,"column":9}},"22":{"start":{"line":83,"column":8},"end":{"line":83,"column":15}},"23":{"start":{"line":85,"column":4},"end":{"line":194,"column":5}},"24":{"start":{"line":91,"column":8},"end":{"line":99,"column":10}},"25":{"start":{"line":98,"column":12},"end":{"line":98,"column":35}},"26":{"start":{"line":102,"column":8},"end":{"line":104,"column":63}},"27":{"start":{"line":105,"column":8},"end":{"line":105,"column":14}},"28":{"start":{"line":112,"column":8},"end":{"line":121,"column":10},"skip":true},"29":{"start":{"line":119,"column":12},"end":{"line":119,"column":55},"skip":true},"30":{"start":{"line":120,"column":12},"end":{"line":120,"column":48},"skip":true},"31":{"start":{"line":123,"column":8},"end":{"line":136,"column":10},"skip":true},"32":{"start":{"line":130,"column":12},"end":{"line":130,"column":76},"skip":true},"33":{"start":{"line":131,"column":12},"end":{"line":131,"column":73},"skip":true},"34":{"start":{"line":132,"column":12},"end":{"line":132,"column":74},"skip":true},"35":{"start":{"line":133,"column":12},"end":{"line":133,"column":79},"skip":true},"36":{"start":{"line":134,"column":12},"end":{"line":134,"column":25},"skip":true},"37":{"start":{"line":135,"column":12},"end":{"line":135,"column":45},"skip":true},"38":{"start":{"line":138,"column":8},"end":{"line":145,"column":14},"skip":true},"39":{"start":{"line":143,"column":16},"end":{"line":143,"column":29},"skip":true},"40":{"start":{"line":144,"column":16},"end":{"line":144,"column":55},"skip":true},"41":{"start":{"line":147,"column":8},"end":{"line":156,"column":10},"skip":true},"42":{"start":{"line":154,"column":12},"end":{"line":154,"column":25},"skip":true},"43":{"start":{"line":155,"column":12},"end":{"line":155,"column":45},"skip":true},"44":{"start":{"line":158,"column":8},"end":{"line":167,"column":10},"skip":true},"45":{"start":{"line":165,"column":12},"end":{"line":165,"column":25},"skip":true},"46":{"start":{"line":166,"column":12},"end":{"line":166,"column":48},"skip":true},"47":{"start":{"line":169,"column":8},"end":{"line":178,"column":10},"skip":true},"48":{"start":{"line":176,"column":12},"end":{"line":176,"column":25},"skip":true},"49":{"start":{"line":177,"column":12},"end":{"line":177,"column":46},"skip":true},"50":{"start":{"line":180,"column":8},"end":{"line":189,"column":10},"skip":true},"51":{"start":{"line":187,"column":12},"end":{"line":187,"column":94},"skip":true},"52":{"start":{"line":188,"column":12},"end":{"line":188,"column":48},"skip":true},"53":{"start":{"line":192,"column":8},"end":{"line":192,"column":35},"skip":true},"54":{"start":{"line":193,"column":8},"end":{"line":193,"column":14},"skip":true}},"branchMap":{"1":{"line":25,"type":"binary-expr","locations":[{"start":{"line":25,"column":23},"end":{"line":25,"column":62}},{"start":{"line":26,"column":20},"end":{"line":26,"column":70}},{"start":{"line":27,"column":20},"end":{"line":27,"column":71}},{"start":{"line":28,"column":20},"end":{"line":28,"column":29}}]},"2":{"line":30,"type":"binary-expr","locations":[{"start":{"line":30,"column":23},"end":{"line":30,"column":37}},{"start":{"line":31,"column":20},"end":{"line":31,"column":61}},{"start":{"line":32,"column":20},"end":{"line":32,"column":70}},{"start":{"line":33,"column":20},"end":{"line":33,"column":26}}]},"3":{"line":37,"type":"cond-expr","locations":[{"start":{"line":38,"column":14},"end":{"line":38,"column":20}},{"start":{"line":39,"column":14},"end":{"line":39,"column":20}}]},"4":{"line":40,"type":"switch","locations":[{"start":{"line":42,"column":8},"end":{"line":47,"column":18}},{"start":{"line":49,"column":8},"end":{"line":52,"column":18}}]},"5":{"line":44,"type":"binary-expr","locations":[{"start":{"line":44,"column":16},"end":{"line":44,"column":44}},{"start":{"line":44,"column":48},"end":{"line":44,"column":66}}]},"6":{"line":50,"type":"binary-expr","locations":[{"start":{"line":50,"column":21},"end":{"line":50,"column":49}},{"start":{"line":50,"column":53},"end":{"line":50,"column":72}}]},"7":{"line":64,"type":"switch","locations":[{"start":{"line":69,"column":4},"end":{"line":70,"column":14}},{"start":{"line":75,"column":4},"end":{"line":76,"column":14}}]},"8":{"line":85,"type":"switch","locations":[{"start":{"line":90,"column":4},"end":{"line":105,"column":14}},{"start":{"line":111,"column":4},"end":{"line":193,"column":14},"skip":true}]},"9":{"line":91,"type":"binary-expr","locations":[{"start":{"line":91,"column":42},"end":{"line":91,"column":73}},{"start":{"line":91,"column":77},"end":{"line":99,"column":9}}]},"10":{"line":102,"type":"binary-expr","locations":[{"start":{"line":102,"column":18},"end":{"line":102,"column":32}},{"start":{"line":103,"column":12},"end":{"line":103,"column":53}},{"start":{"line":104,"column":12},"end":{"line":104,"column":61}}]},"11":{"line":112,"type":"binary-expr","locations":[{"start":{"line":112,"column":45},"end":{"line":112,"column":79},"skip":true},{"start":{"line":112,"column":83},"end":{"line":121,"column":9},"skip":true}]},"12":{"line":123,"type":"binary-expr","locations":[{"start":{"line":123,"column":42},"end":{"line":123,"column":73},"skip":true},{"start":{"line":123,"column":77},"end":{"line":136,"column":9},"skip":true}]},"13":{"line":138,"type":"binary-expr","locations":[{"start":{"line":138,"column":48},"end":{"line":138,"column":85},"skip":true},{"start":{"line":139,"column":12},"end":{"line":145,"column":13},"skip":true}]},"14":{"line":147,"type":"binary-expr","locations":[{"start":{"line":147,"column":42},"end":{"line":147,"column":73},"skip":true},{"start":{"line":147,"column":77},"end":{"line":156,"column":9},"skip":true}]},"15":{"line":158,"type":"binary-expr","locations":[{"start":{"line":158,"column":45},"end":{"line":158,"column":79},"skip":true},{"start":{"line":158,"column":83},"end":{"line":167,"column":9},"skip":true}]},"16":{"line":169,"type":"binary-expr","locations":[{"start":{"line":169,"column":43},"end":{"line":169,"column":75},"skip":true},{"start":{"line":169,"column":79},"end":{"line":178,"column":9},"skip":true}]},"17":{"line":180,"type":"binary-expr","locations":[{"start":{"line":180,"column":41},"end":{"line":180,"column":71},"skip":true},{"start":{"line":180,"column":75},"end":{"line":189,"column":9},"skip":true}]}},"code":["/* istanbul instrument in package npmtest_gridfs_stream */","/*jslint","    bitwise: true,","    browser: true,","    maxerr: 8,","    maxlen: 96,","    node: true,","    nomen: true,","    regexp: true,","    stupid: true","*/","(function () {","    'use strict';","    var local;","","","","    // run shared js-env code - pre-init","    (function () {","        // init local","        local = {};","        // init modeJs","        local.modeJs = (function () {","            try {","                return typeof navigator.userAgent === 'string' &&","                    typeof document.querySelector('body') === 'object' &&","                    typeof XMLHttpRequest.prototype.open === 'function' &&","                    'browser';","            } catch (errorCaughtBrowser) {","                return module.exports &&","                    typeof process.versions.node === 'string' &&","                    typeof require('http').createServer === 'function' &&","                    'node';","            }","        }());","        // init global","        local.global = local.modeJs === 'browser'","            ? window","            : global;","        switch (local.modeJs) {","        // re-init local from window.local","        case 'browser':","            local = local.global.utility2.objectSetDefault(","                local.global.utility2_rollup || local.global.local,","                local.global.utility2","            );","            break;","        // re-init local from example.js","        case 'node':","            local = (local.global.utility2_rollup || require('utility2'))","                .requireExampleJsFromReadme();","            break;","        }","        // export local","        local.global.local = local;","    }());","","","","    // run shared js-env code - function","    (function () {","        return;","    }());","    switch (local.modeJs) {","","","","    // run browser js-env code - function","    case 'browser':","        break;","","","","    // run node js-env code - function","    case 'node':","        break;","    }","","","","    // run shared js-env code - post-init","    (function () {","        return;","    }());","    switch (local.modeJs) {","","","","    // run browser js-env code - post-init","    case 'browser':","        local.testCase_browser_nullCase = local.testCase_browser_nullCase || function (","            options,","            onError","        ) {","        /*","         * this function will test browsers's null-case handling-behavior-behavior","         */","            onError(null, options);","        };","","        // run tests","        local.nop(local.modeTest &&","            document.querySelector('#testRunButton1') &&","            document.querySelector('#testRunButton1').click());","        break;","","","","    // run node js-env code - post-init","    /* istanbul ignore next */","    case 'node':","        local.testCase_buildApidoc_default = local.testCase_buildApidoc_default || function (","            options,","            onError","        ) {","        /*","         * this function will test buildApidoc's default handling-behavior-behavior","         */","            options = { modulePathList: module.paths };","            local.buildApidoc(options, onError);","        };","","        local.testCase_buildApp_default = local.testCase_buildApp_default || function (","            options,","            onError","        ) {","        /*","         * this function will test buildApp's default handling-behavior-behavior","         */","            local.testCase_buildReadme_default(options, local.onErrorThrow);","            local.testCase_buildLib_default(options, local.onErrorThrow);","            local.testCase_buildTest_default(options, local.onErrorThrow);","            local.testCase_buildCustomOrg_default(options, local.onErrorThrow);","            options = [];","            local.buildApp(options, onError);","        };","","        local.testCase_buildCustomOrg_default = local.testCase_buildCustomOrg_default ||","            function (options, onError) {","            /*","             * this function will test buildCustomOrg's default handling-behavior","             */","                options = {};","                local.buildCustomOrg(options, onError);","            };","","        local.testCase_buildLib_default = local.testCase_buildLib_default || function (","            options,","            onError","        ) {","        /*","         * this function will test buildLib's default handling-behavior","         */","            options = {};","            local.buildLib(options, onError);","        };","","        local.testCase_buildReadme_default = local.testCase_buildReadme_default || function (","            options,","            onError","        ) {","        /*","         * this function will test buildReadme's default handling-behavior-behavior","         */","            options = {};","            local.buildReadme(options, onError);","        };","","        local.testCase_buildTest_default = local.testCase_buildTest_default || function (","            options,","            onError","        ) {","        /*","         * this function will test buildTest's default handling-behavior","         */","            options = {};","            local.buildTest(options, onError);","        };","","        local.testCase_webpage_default = local.testCase_webpage_default || function (","            options,","            onError","        ) {","        /*","         * this function will test webpage's default handling-behavior","         */","            options = { modeCoverageMerge: true, url: local.serverLocalHost + '?modeTest=1' };","            local.browserTest(options, onError);","        };","","        // run test-server","        local.testRunServer(local);","        break;","    }","}());",""],"l":{"12":2,"14":2,"19":2,"21":2,"23":2,"24":2,"25":2,"30":1,"37":2,"40":2,"43":1,"47":1,"50":1,"52":1,"55":2,"61":2,"62":2,"64":2,"70":1,"76":1,"82":2,"83":2,"85":2,"91":1,"98":1,"102":1,"105":1,"112":1,"119":1,"120":1,"123":1,"130":1,"131":1,"132":1,"133":1,"134":1,"135":1,"138":1,"143":2,"144":2,"147":1,"154":2,"155":2,"158":1,"165":2,"166":2,"169":1,"176":2,"177":2,"180":1,"187":1,"188":1,"192":1,"193":1}},"/home/travis/build/npmtest/node-npmtest-gridfs-stream/lib.npmtest_gridfs_stream.js":{"path":"/home/travis/build/npmtest/node-npmtest-gridfs-stream/lib.npmtest_gridfs_stream.js","s":{"1":2,"2":2,"3":2,"4":2,"5":2,"6":2,"7":2,"8":1,"9":2,"10":2,"11":2,"12":2,"13":1,"14":1,"15":1,"16":1},"b":{"1":[2,1,1,1],"2":[1,1,1,1],"3":[1,1],"4":[2,2],"5":[1,1]},"f":{"1":2,"2":2,"3":2},"fnMap":{"1":{"name":"(anonymous_1)","line":12,"loc":{"start":{"line":12,"column":1},"end":{"line":12,"column":13}}},"2":{"name":"(anonymous_2)","line":19,"loc":{"start":{"line":19,"column":5},"end":{"line":19,"column":17}}},"3":{"name":"(anonymous_3)","line":23,"loc":{"start":{"line":23,"column":24},"end":{"line":23,"column":36}}}},"statementMap":{"1":{"start":{"line":12,"column":0},"end":{"line":53,"column":5}},"2":{"start":{"line":14,"column":4},"end":{"line":14,"column":14}},"3":{"start":{"line":19,"column":4},"end":{"line":52,"column":9}},"4":{"start":{"line":21,"column":8},"end":{"line":21,"column":19}},"5":{"start":{"line":23,"column":8},"end":{"line":35,"column":13}},"6":{"start":{"line":24,"column":12},"end":{"line":34,"column":13}},"7":{"start":{"line":25,"column":16},"end":{"line":28,"column":30}},"8":{"start":{"line":30,"column":16},"end":{"line":33,"column":27}},"9":{"start":{"line":37,"column":8},"end":{"line":39,"column":21}},"10":{"start":{"line":41,"column":8},"end":{"line":41,"column":54}},"11":{"start":{"line":43,"column":8},"end":{"line":43,"column":58}},"12":{"start":{"line":45,"column":8},"end":{"line":51,"column":9}},"13":{"start":{"line":46,"column":12},"end":{"line":46,"column":64}},"14":{"start":{"line":48,"column":12},"end":{"line":48,"column":35}},"15":{"start":{"line":49,"column":12},"end":{"line":49,"column":49}},"16":{"start":{"line":50,"column":12},"end":{"line":50,"column":43}}},"branchMap":{"1":{"line":25,"type":"binary-expr","locations":[{"start":{"line":25,"column":23},"end":{"line":25,"column":62}},{"start":{"line":26,"column":20},"end":{"line":26,"column":70}},{"start":{"line":27,"column":20},"end":{"line":27,"column":71}},{"start":{"line":28,"column":20},"end":{"line":28,"column":29}}]},"2":{"line":30,"type":"binary-expr","locations":[{"start":{"line":30,"column":23},"end":{"line":30,"column":37}},{"start":{"line":31,"column":20},"end":{"line":31,"column":61}},{"start":{"line":32,"column":20},"end":{"line":32,"column":70}},{"start":{"line":33,"column":20},"end":{"line":33,"column":26}}]},"3":{"line":37,"type":"cond-expr","locations":[{"start":{"line":38,"column":14},"end":{"line":38,"column":20}},{"start":{"line":39,"column":14},"end":{"line":39,"column":20}}]},"4":{"line":41,"type":"binary-expr","locations":[{"start":{"line":41,"column":16},"end":{"line":41,"column":44}},{"start":{"line":41,"column":48},"end":{"line":41,"column":53}}]},"5":{"line":45,"type":"if","locations":[{"start":{"line":45,"column":8},"end":{"line":45,"column":8}},{"start":{"line":45,"column":8},"end":{"line":45,"column":8}}]}},"code":["/* istanbul instrument in package npmtest_gridfs_stream */","/*jslint","    bitwise: true,","    browser: true,","    maxerr: 8,","    maxlen: 96,","    node: true,","    nomen: true,","    regexp: true,","    stupid: true","*/","(function () {","    'use strict';","    var local;","","","","    // run shared js-env code - pre-init","    (function () {","        // init local","        local = {};","        // init modeJs","        local.modeJs = (function () {","            try {","                return typeof navigator.userAgent === 'string' &&","                    typeof document.querySelector('body') === 'object' &&","                    typeof XMLHttpRequest.prototype.open === 'function' &&","                    'browser';","            } catch (errorCaughtBrowser) {","                return module.exports &&","                    typeof process.versions.node === 'string' &&","                    typeof require('http').createServer === 'function' &&","                    'node';","            }","        }());","        // init global","        local.global = local.modeJs === 'browser'","            ? window","            : global;","        // init utility2_rollup","        local = local.global.utility2_rollup || local;","        // init lib","        local.local = local.npmtest_gridfs_stream = local;","        // init exports","        if (local.modeJs === 'browser') {","            local.global.utility2_npmtest_gridfs_stream = local;","        } else {","            module.exports = local;","            module.exports.__dirname = __dirname;","            module.exports.module = module;","        }","    }());","}());",""],"l":{"12":2,"14":2,"19":2,"21":2,"23":2,"24":2,"25":2,"30":1,"37":2,"41":2,"43":2,"45":2,"46":1,"48":1,"49":1,"50":1}},"/home/travis/build/npmtest/node-npmtest-gridfs-stream/example.js":{"path":"/home/travis/build/npmtest/node-npmtest-gridfs-stream/example.js","s":{"1":2,"2":2,"3":2,"4":2,"5":2,"6":2,"7":2,"8":1,"9":2,"10":2,"11":2,"12":2,"13":1,"14":2,"15":2,"16":2,"17":2,"18":2,"19":0,"20":2,"21":1,"22":1,"23":1,"24":1,"25":1,"26":0,"27":0,"28":1,"29":1,"30":2,"31":0,"32":0,"33":0,"34":1,"35":2,"36":2,"37":3,"38":3,"39":3,"40":3,"41":0,"42":3,"43":3,"44":3,"45":1,"46":3,"47":1,"48":1,"49":1,"50":1,"51":1,"52":1,"53":1,"54":1,"55":1,"56":1,"57":0,"58":1,"59":6,"60":6,"61":1,"62":2,"63":0,"64":2,"65":1,"66":1,"67":0,"68":0,"69":0,"70":0,"71":0,"72":0,"73":0,"74":0,"75":0,"76":0,"77":0,"78":0,"79":0,"80":0,"81":0,"82":0,"83":0},"b":{"1":[2,1,1,1],"2":[1,1,1,1],"3":[1,1],"4":[2,2],"5":[1,1],"6":[1,1],"7":[2,0],"8":[2,1,1,1,1,1],"9":[0,2,0],"10":[1,1],"11":[2,1,1],"12":[1,0],"13":[0,2],"14":[2,0,0,0,0,0,0],"15":[0,3],"16":[3,0],"17":[1,1],"18":[0,1],"19":[1,2,0,2],"20":[1,0],"21":[1,1],"22":[0,0],"23":[0,0],"24":[0,0],"25":[0,0],"26":[0,0],"27":[0,0],"28":[0,0]},"f":{"1":2,"2":2,"3":2,"4":2,"5":2,"6":2,"7":3,"8":3,"9":3,"10":1,"11":6,"12":0},"fnMap":{"1":{"name":"(anonymous_1)","line":26,"loc":{"start":{"line":26,"column":1},"end":{"line":26,"column":13}}},"2":{"name":"(anonymous_2)","line":33,"loc":{"start":{"line":33,"column":5},"end":{"line":33,"column":17}}},"3":{"name":"(anonymous_3)","line":37,"loc":{"start":{"line":37,"column":24},"end":{"line":37,"column":36}}},"4":{"name":"(anonymous_4)","line":69,"loc":{"start":{"line":69,"column":31},"end":{"line":69,"column":48}},"skip":true},"5":{"name":"(anonymous_5)","line":78,"loc":{"start":{"line":78,"column":26},"end":{"line":78,"column":45}},"skip":true},"6":{"name":"(anonymous_6)","line":123,"loc":{"start":{"line":123,"column":33},"end":{"line":123,"column":48}},"skip":true},"7":{"name":"(anonymous_7)","line":125,"loc":{"start":{"line":125,"column":27},"end":{"line":125,"column":39}},"skip":true},"8":{"name":"(anonymous_8)","line":133,"loc":{"start":{"line":133,"column":59},"end":{"line":133,"column":74}},"skip":true},"9":{"name":"(anonymous_9)","line":143,"loc":{"start":{"line":143,"column":45},"end":{"line":143,"column":62}},"skip":true},"10":{"name":"(anonymous_10)","line":144,"loc":{"start":{"line":144,"column":73},"end":{"line":144,"column":92}},"skip":true},"11":{"name":"(anonymous_11)","line":272,"loc":{"start":{"line":272,"column":51},"end":{"line":272,"column":77}},"skip":true},"12":{"name":"(anonymous_12)","line":315,"loc":{"start":{"line":315,"column":32},"end":{"line":315,"column":61}},"skip":true}},"statementMap":{"1":{"start":{"line":26,"column":0},"end":{"line":326,"column":5}},"2":{"start":{"line":28,"column":4},"end":{"line":28,"column":14}},"3":{"start":{"line":33,"column":4},"end":{"line":60,"column":9}},"4":{"start":{"line":35,"column":8},"end":{"line":35,"column":19}},"5":{"start":{"line":37,"column":8},"end":{"line":49,"column":13}},"6":{"start":{"line":38,"column":12},"end":{"line":48,"column":13}},"7":{"start":{"line":39,"column":16},"end":{"line":42,"column":30}},"8":{"start":{"line":44,"column":16},"end":{"line":47,"column":27}},"9":{"start":{"line":51,"column":8},"end":{"line":53,"column":21}},"10":{"start":{"line":55,"column":8},"end":{"line":57,"column":45}},"11":{"start":{"line":59,"column":8},"end":{"line":59,"column":35}},"12":{"start":{"line":61,"column":4},"end":{"line":325,"column":5}},"13":{"start":{"line":69,"column":8},"end":{"line":121,"column":10},"skip":true},"14":{"start":{"line":70,"column":12},"end":{"line":88,"column":13},"skip":true},"15":{"start":{"line":76,"column":16},"end":{"line":87,"column":19},"skip":true},"16":{"start":{"line":79,"column":20},"end":{"line":86,"column":21},"skip":true},"17":{"start":{"line":82,"column":24},"end":{"line":82,"column":43},"skip":true},"18":{"start":{"line":83,"column":24},"end":{"line":83,"column":30},"skip":true},"19":{"start":{"line":85,"column":24},"end":{"line":85,"column":49},"skip":true},"20":{"start":{"line":89,"column":12},"end":{"line":107,"column":13},"skip":true},"21":{"start":{"line":92,"column":16},"end":{"line":102,"column":17},"skip":true},"22":{"start":{"line":93,"column":20},"end":{"line":93,"column":86},"skip":true},"23":{"start":{"line":94,"column":20},"end":{"line":95,"column":45},"skip":true},"24":{"start":{"line":96,"column":20},"end":{"line":96,"column":42},"skip":true},"25":{"start":{"line":97,"column":20},"end":{"line":97,"column":48},"skip":true},"26":{"start":{"line":100,"column":20},"end":{"line":100,"column":85},"skip":true},"27":{"start":{"line":101,"column":20},"end":{"line":101,"column":96},"skip":true},"28":{"start":{"line":103,"column":16},"end":{"line":103,"column":22},"skip":true},"29":{"start":{"line":106,"column":16},"end":{"line":106,"column":22},"skip":true},"30":{"start":{"line":108,"column":12},"end":{"line":120,"column":13},"skip":true},"31":{"start":{"line":114,"column":16},"end":{"line":119,"column":17},"skip":true},"32":{"start":{"line":116,"column":20},"end":{"line":116,"column":78},"skip":true},"33":{"start":{"line":118,"column":20},"end":{"line":118,"column":47},"skip":true},"34":{"start":{"line":123,"column":8},"end":{"line":141,"column":11},"skip":true},"35":{"start":{"line":124,"column":12},"end":{"line":124,"column":54},"skip":true},"36":{"start":{"line":125,"column":12},"end":{"line":140,"column":14},"skip":true},"37":{"start":{"line":126,"column":16},"end":{"line":126,"column":28},"skip":true},"38":{"start":{"line":127,"column":16},"end":{"line":127,"column":69},"skip":true},"39":{"start":{"line":128,"column":16},"end":{"line":128,"column":75},"skip":true},"40":{"start":{"line":129,"column":16},"end":{"line":131,"column":17},"skip":true},"41":{"start":{"line":130,"column":20},"end":{"line":130,"column":27},"skip":true},"42":{"start":{"line":133,"column":16},"end":{"line":137,"column":36},"skip":true},"43":{"start":{"line":134,"column":20},"end":{"line":136,"column":55},"skip":true},"44":{"start":{"line":139,"column":16},"end":{"line":139,"column":57},"skip":true},"45":{"start":{"line":143,"column":8},"end":{"line":147,"column":11},"skip":true},"46":{"start":{"line":144,"column":12},"end":{"line":146,"column":15},"skip":true},"47":{"start":{"line":145,"column":16},"end":{"line":145,"column":70},"skip":true},"48":{"start":{"line":149,"column":8},"end":{"line":149,"column":31},"skip":true},"49":{"start":{"line":150,"column":8},"end":{"line":150,"column":14},"skip":true},"50":{"start":{"line":158,"column":8},"end":{"line":158,"column":31},"skip":true},"51":{"start":{"line":160,"column":8},"end":{"line":160,"column":33},"skip":true},"52":{"start":{"line":161,"column":8},"end":{"line":161,"column":37},"skip":true},"53":{"start":{"line":162,"column":8},"end":{"line":162,"column":35},"skip":true},"54":{"start":{"line":164,"column":8},"end":{"line":164,"column":50},"skip":true},"55":{"start":{"line":166,"column":8},"end":{"line":256,"column":2},"skip":true},"56":{"start":{"line":258,"column":8},"end":{"line":286,"column":9},"skip":true},"57":{"start":{"line":259,"column":12},"end":{"line":269,"column":14},"skip":true},"58":{"start":{"line":271,"column":12},"end":{"line":285,"column":19},"skip":true},"59":{"start":{"line":274,"column":20},"end":{"line":274,"column":35},"skip":true},"60":{"start":{"line":275,"column":20},"end":{"line":284,"column":21},"skip":true},"61":{"start":{"line":277,"column":24},"end":{"line":277,"column":64},"skip":true},"62":{"start":{"line":279,"column":24},"end":{"line":279,"column":40},"skip":true},"63":{"start":{"line":281,"column":24},"end":{"line":281,"column":40},"skip":true},"64":{"start":{"line":283,"column":24},"end":{"line":283,"column":39},"skip":true},"65":{"start":{"line":288,"column":8},"end":{"line":290,"column":9},"skip":true},"66":{"start":{"line":289,"column":12},"end":{"line":289,"column":18},"skip":true},"67":{"start":{"line":291,"column":8},"end":{"line":293,"column":54},"skip":true},"68":{"start":{"line":296,"column":8},"end":{"line":301,"column":37},"skip":true},"69":{"start":{"line":303,"column":8},"end":{"line":303,"column":82},"skip":true},"70":{"start":{"line":306,"column":8},"end":{"line":308,"column":9},"skip":true},"71":{"start":{"line":307,"column":12},"end":{"line":307,"column":82},"skip":true},"72":{"start":{"line":310,"column":8},"end":{"line":312,"column":9},"skip":true},"73":{"start":{"line":311,"column":12},"end":{"line":311,"column":18},"skip":true},"74":{"start":{"line":313,"column":8},"end":{"line":313,"column":54},"skip":true},"75":{"start":{"line":314,"column":8},"end":{"line":314,"column":69},"skip":true},"76":{"start":{"line":315,"column":8},"end":{"line":323,"column":36},"skip":true},"77":{"start":{"line":316,"column":12},"end":{"line":316,"column":61},"skip":true},"78":{"start":{"line":317,"column":12},"end":{"line":320,"column":13},"skip":true},"79":{"start":{"line":318,"column":16},"end":{"line":318,"column":75},"skip":true},"80":{"start":{"line":319,"column":16},"end":{"line":319,"column":23},"skip":true},"81":{"start":{"line":321,"column":12},"end":{"line":321,"column":38},"skip":true},"82":{"start":{"line":322,"column":12},"end":{"line":322,"column":27},"skip":true},"83":{"start":{"line":324,"column":8},"end":{"line":324,"column":14},"skip":true}},"branchMap":{"1":{"line":39,"type":"binary-expr","locations":[{"start":{"line":39,"column":23},"end":{"line":39,"column":62}},{"start":{"line":40,"column":20},"end":{"line":40,"column":70}},{"start":{"line":41,"column":20},"end":{"line":41,"column":71}},{"start":{"line":42,"column":20},"end":{"line":42,"column":29}}]},"2":{"line":44,"type":"binary-expr","locations":[{"start":{"line":44,"column":23},"end":{"line":44,"column":37}},{"start":{"line":45,"column":20},"end":{"line":45,"column":61}},{"start":{"line":46,"column":20},"end":{"line":46,"column":70}},{"start":{"line":47,"column":20},"end":{"line":47,"column":26}}]},"3":{"line":51,"type":"cond-expr","locations":[{"start":{"line":52,"column":14},"end":{"line":52,"column":20}},{"start":{"line":53,"column":14},"end":{"line":53,"column":20}}]},"4":{"line":55,"type":"binary-expr","locations":[{"start":{"line":55,"column":16},"end":{"line":55,"column":44}},{"start":{"line":55,"column":49},"end":{"line":57,"column":43}}]},"5":{"line":55,"type":"cond-expr","locations":[{"start":{"line":56,"column":14},"end":{"line":56,"column":57}},{"start":{"line":57,"column":14},"end":{"line":57,"column":43}}]},"6":{"line":61,"type":"switch","locations":[{"start":{"line":68,"column":4},"end":{"line":150,"column":14},"skip":true},{"start":{"line":156,"column":4},"end":{"line":324,"column":14},"skip":true}]},"7":{"line":70,"type":"if","locations":[{"start":{"line":70,"column":12},"end":{"line":70,"column":12},"skip":true},{"start":{"line":70,"column":12},"end":{"line":70,"column":12},"skip":true}]},"8":{"line":70,"type":"binary-expr","locations":[{"start":{"line":70,"column":16},"end":{"line":70,"column":22},"skip":true},{"start":{"line":70,"column":27},"end":{"line":70,"column":32},"skip":true},{"start":{"line":71,"column":20},"end":{"line":71,"column":39},"skip":true},{"start":{"line":72,"column":20},"end":{"line":72,"column":49},"skip":true},{"start":{"line":73,"column":20},"end":{"line":73,"column":58},"skip":true},{"start":{"line":74,"column":20},"end":{"line":74,"column":69},"skip":true}]},"9":{"line":79,"type":"switch","locations":[{"start":{"line":80,"column":20},"end":{"line":80,"column":33},"skip":true},{"start":{"line":81,"column":20},"end":{"line":83,"column":30},"skip":true},{"start":{"line":84,"column":20},"end":{"line":85,"column":49},"skip":true}]},"10":{"line":89,"type":"switch","locations":[{"start":{"line":90,"column":12},"end":{"line":103,"column":22},"skip":true},{"start":{"line":105,"column":12},"end":{"line":106,"column":22},"skip":true}]},"11":{"line":89,"type":"binary-expr","locations":[{"start":{"line":89,"column":20},"end":{"line":89,"column":25},"skip":true},{"start":{"line":89,"column":29},"end":{"line":89,"column":48},"skip":true},{"start":{"line":89,"column":52},"end":{"line":89,"column":74},"skip":true}]},"12":{"line":92,"type":"if","locations":[{"start":{"line":92,"column":16},"end":{"line":92,"column":16},"skip":true},{"start":{"line":92,"column":16},"end":{"line":92,"column":16},"skip":true}]},"13":{"line":108,"type":"if","locations":[{"start":{"line":108,"column":12},"end":{"line":108,"column":12},"skip":true},{"start":{"line":108,"column":12},"end":{"line":108,"column":12},"skip":true}]},"14":{"line":108,"type":"binary-expr","locations":[{"start":{"line":108,"column":16},"end":{"line":108,"column":61},"skip":true},{"start":{"line":108,"column":66},"end":{"line":108,"column":72},"skip":true},{"start":{"line":108,"column":77},"end":{"line":108,"column":82},"skip":true},{"start":{"line":109,"column":20},"end":{"line":109,"column":39},"skip":true},{"start":{"line":110,"column":20},"end":{"line":110,"column":49},"skip":true},{"start":{"line":111,"column":20},"end":{"line":111,"column":58},"skip":true},{"start":{"line":112,"column":20},"end":{"line":112,"column":68},"skip":true}]},"15":{"line":129,"type":"if","locations":[{"start":{"line":129,"column":16},"end":{"line":129,"column":16},"skip":true},{"start":{"line":129,"column":16},"end":{"line":129,"column":16},"skip":true}]},"16":{"line":134,"type":"cond-expr","locations":[{"start":{"line":135,"column":26},"end":{"line":135,"column":29},"skip":true},{"start":{"line":136,"column":26},"end":{"line":136,"column":54},"skip":true}]},"17":{"line":164,"type":"binary-expr","locations":[{"start":{"line":164,"column":27},"end":{"line":164,"column":43},"skip":true},{"start":{"line":164,"column":47},"end":{"line":164,"column":49},"skip":true}]},"18":{"line":258,"type":"if","locations":[{"start":{"line":258,"column":8},"end":{"line":258,"column":8},"skip":true},{"start":{"line":258,"column":8},"end":{"line":258,"column":8},"skip":true}]},"19":{"line":275,"type":"switch","locations":[{"start":{"line":276,"column":20},"end":{"line":277,"column":64},"skip":true},{"start":{"line":278,"column":20},"end":{"line":279,"column":40},"skip":true},{"start":{"line":280,"column":20},"end":{"line":281,"column":40},"skip":true},{"start":{"line":282,"column":20},"end":{"line":283,"column":39},"skip":true}]},"20":{"line":288,"type":"if","locations":[{"start":{"line":288,"column":8},"end":{"line":288,"column":8},"skip":true},{"start":{"line":288,"column":8},"end":{"line":288,"column":8},"skip":true}]},"21":{"line":288,"type":"binary-expr","locations":[{"start":{"line":288,"column":12},"end":{"line":288,"column":40},"skip":true},{"start":{"line":288,"column":44},"end":{"line":288,"column":67},"skip":true}]},"22":{"line":292,"type":"binary-expr","locations":[{"start":{"line":292,"column":12},"end":{"line":292,"column":50},"skip":true},{"start":{"line":293,"column":12},"end":{"line":293,"column":53},"skip":true}]},"23":{"line":297,"type":"binary-expr","locations":[{"start":{"line":297,"column":12},"end":{"line":297,"column":71},"skip":true},{"start":{"line":298,"column":12},"end":{"line":301,"column":36},"skip":true}]},"24":{"line":303,"type":"binary-expr","locations":[{"start":{"line":303,"column":43},"end":{"line":303,"column":75},"skip":true},{"start":{"line":303,"column":79},"end":{"line":303,"column":81},"skip":true}]},"25":{"line":306,"type":"if","locations":[{"start":{"line":306,"column":8},"end":{"line":306,"column":8},"skip":true},{"start":{"line":306,"column":8},"end":{"line":306,"column":8},"skip":true}]},"26":{"line":310,"type":"if","locations":[{"start":{"line":310,"column":8},"end":{"line":310,"column":8},"skip":true},{"start":{"line":310,"column":8},"end":{"line":310,"column":8},"skip":true}]},"27":{"line":313,"type":"binary-expr","locations":[{"start":{"line":313,"column":27},"end":{"line":313,"column":43},"skip":true},{"start":{"line":313,"column":47},"end":{"line":313,"column":53},"skip":true}]},"28":{"line":317,"type":"if","locations":[{"start":{"line":317,"column":12},"end":{"line":317,"column":12},"skip":true},{"start":{"line":317,"column":12},"end":{"line":317,"column":12},"skip":true}]}},"code":["/*","example.js","","quickstart example","","instruction","    1. save this script as example.js","    2. run the shell command:","        $ npm install npmtest-gridfs-stream && PORT=8081 node example.js","    3. play with the browser-demo on http://127.0.0.1:8081","*/","","","","/* istanbul instrument in package npmtest_gridfs_stream */","/*jslint","    bitwise: true,","    browser: true,","    maxerr: 8,","    maxlen: 96,","    node: true,","    nomen: true,","    regexp: true,","    stupid: true","*/","(function () {","    'use strict';","    var local;","","","","    // run shared js-env code - pre-init","    (function () {","        // init local","        local = {};","        // init modeJs","        local.modeJs = (function () {","            try {","                return typeof navigator.userAgent === 'string' &&","                    typeof document.querySelector('body') === 'object' &&","                    typeof XMLHttpRequest.prototype.open === 'function' &&","                    'browser';","            } catch (errorCaughtBrowser) {","                return module.exports &&","                    typeof process.versions.node === 'string' &&","                    typeof require('http').createServer === 'function' &&","                    'node';","            }","        }());","        // init global","        local.global = local.modeJs === 'browser'","            ? window","            : global;","        // init utility2_rollup","        local = local.global.utility2_rollup || (local.modeJs === 'browser'","            ? local.global.utility2_npmtest_gridfs_stream","            : global.utility2_moduleExports);","        // export local","        local.global.local = local;","    }());","    switch (local.modeJs) {","","","","    // post-init","    // run browser js-env code - post-init","    /* istanbul ignore next */","    case 'browser':","        local.testRunBrowser = function (event) {","            if (!event || (event &&","                    event.currentTarget &&","                    event.currentTarget.className &&","                    event.currentTarget.className.includes &&","                    event.currentTarget.className.includes('onreset'))) {","                // reset output","                Array.from(","                    document.querySelectorAll('body > .resettable')","                ).forEach(function (element) {","                    switch (element.tagName) {","                    case 'INPUT':","                    case 'TEXTAREA':","                        element.value = '';","                        break;","                    default:","                        element.textContent = '';","                    }","                });","            }","            switch (event && event.currentTarget && event.currentTarget.id) {","            case 'testRunButton1':","                // show tests","                if (document.querySelector('#testReportDiv1').style.display === 'none') {","                    document.querySelector('#testReportDiv1').style.display = 'block';","                    document.querySelector('#testRunButton1').textContent =","                        'hide internal test';","                    local.modeTest = true;","                    local.testRunDefault(local);","                // hide tests","                } else {","                    document.querySelector('#testReportDiv1').style.display = 'none';","                    document.querySelector('#testRunButton1').textContent = 'run internal test';","                }","                break;","            // custom-case","            default:","                break;","            }","            if (document.querySelector('#inputTextareaEval1') && (!event || (event &&","                    event.currentTarget &&","                    event.currentTarget.className &&","                    event.currentTarget.className.includes &&","                    event.currentTarget.className.includes('oneval')))) {","                // try to eval input-code","                try {","                    /*jslint evil: true*/","                    eval(document.querySelector('#inputTextareaEval1').value);","                } catch (errorCaught) {","                    console.error(errorCaught);","                }","            }","        };","        // log stderr and stdout to #outputTextareaStdout1","        ['error', 'log'].forEach(function (key) {","            console[key + '_original'] = console[key];","            console[key] = function () {","                var element;","                console[key + '_original'].apply(console, arguments);","                element = document.querySelector('#outputTextareaStdout1');","                if (!element) {","                    return;","                }","                // append text to #outputTextareaStdout1","                element.value += Array.from(arguments).map(function (arg) {","                    return typeof arg === 'string'","                        ? arg","                        : JSON.stringify(arg, null, 4);","                }).join(' ') + '\\n';","                // scroll textarea to bottom","                element.scrollTop = element.scrollHeight;","            };","        });","        // init event-handling","        ['change', 'click', 'keyup'].forEach(function (event) {","            Array.from(document.querySelectorAll('.on' + event)).forEach(function (element) {","                element.addEventListener(event, local.testRunBrowser);","            });","        });","        // run tests","        local.testRunBrowser();","        break;","","","","    // run node js-env code - post-init","    /* istanbul ignore next */","    case 'node':","        // export local","        module.exports = local;","        // require modules","        local.fs = require('fs');","        local.http = require('http');","        local.url = require('url');","        // init assets","        local.assetsDict = local.assetsDict || {};","        /* jslint-ignore-begin */","        local.assetsDict['/assets.index.template.html'] = '\\","<!doctype html>\\n\\","<html lang=\"en\">\\n\\","<head>\\n\\","<meta charset=\"UTF-8\">\\n\\","<meta name=\"viewport\" content=\"width=device-width, initial-scale=1\">\\n\\","<title>{{env.npm_package_name}} (v{{env.npm_package_version}})</title>\\n\\","<style>\\n\\","/*csslint\\n\\","    box-sizing: false,\\n\\","    universal-selector: false\\n\\","*/\\n\\","* {\\n\\","    box-sizing: border-box;\\n\\","}\\n\\","body {\\n\\","    background: #dde;\\n\\","    font-family: Arial, Helvetica, sans-serif;\\n\\","    margin: 2rem;\\n\\","}\\n\\","body > * {\\n\\","    margin-bottom: 1rem;\\n\\","}\\n\\",".utility2FooterDiv {\\n\\","    margin-top: 20px;\\n\\","    text-align: center;\\n\\","}\\n\\","</style>\\n\\","<style>\\n\\","/*csslint\\n\\","*/\\n\\","textarea {\\n\\","    font-family: monospace;\\n\\","    height: 10rem;\\n\\","    width: 100%;\\n\\","}\\n\\","textarea[readonly] {\\n\\","    background: #ddd;\\n\\","}\\n\\","</style>\\n\\","</head>\\n\\","<body>\\n\\","<!-- utility2-comment\\n\\","<div id=\"ajaxProgressDiv1\" style=\"background: #d00; height: 2px; left: 0; margin: 0; padding: 0; position: fixed; top: 0; transition: background 0.5s, width 1.5s; width: 25%;\"></div>\\n\\","utility2-comment -->\\n\\","<h1>\\n\\","<!-- utility2-comment\\n\\","    <a\\n\\","        {{#if env.npm_package_homepage}}\\n\\","        href=\"{{env.npm_package_homepage}}\"\\n\\","        {{/if env.npm_package_homepage}}\\n\\","        target=\"_blank\"\\n\\","    >\\n\\","utility2-comment -->\\n\\","        {{env.npm_package_name}} (v{{env.npm_package_version}})\\n\\","<!-- utility2-comment\\n\\","    </a>\\n\\","utility2-comment -->\\n\\","</h1>\\n\\","<h3>{{env.npm_package_description}}</h3>\\n\\","<!-- utility2-comment\\n\\","<h4><a download href=\"assets.app.js\">download standalone app</a></h4>\\n\\","<button class=\"onclick onreset\" id=\"testRunButton1\">run internal test</button><br>\\n\\","<div id=\"testReportDiv1\" style=\"display: none;\"></div>\\n\\","utility2-comment -->\\n\\","\\n\\","\\n\\","\\n\\","<label>stderr and stdout</label>\\n\\","<textarea class=\"resettable\" id=\"outputTextareaStdout1\" readonly></textarea>\\n\\","<!-- utility2-comment\\n\\","{{#if isRollup}}\\n\\","<script src=\"assets.app.js\"></script>\\n\\","{{#unless isRollup}}\\n\\","utility2-comment -->\\n\\","<script src=\"assets.utility2.rollup.js\"></script>\\n\\","<script src=\"jsonp.utility2._stateInit?callback=window.utility2._stateInit\"></script>\\n\\","<script src=\"assets.npmtest_gridfs_stream.rollup.js\"></script>\\n\\","<script src=\"assets.example.js\"></script>\\n\\","<script src=\"assets.test.js\"></script>\\n\\","<!-- utility2-comment\\n\\","{{/if isRollup}}\\n\\","utility2-comment -->\\n\\","<div class=\"utility2FooterDiv\">\\n\\","    [ this app was created with\\n\\","    <a href=\"https://github.com/kaizhu256/node-utility2\" target=\"_blank\">utility2</a>\\n\\","    ]\\n\\","</div>\\n\\","</body>\\n\\","</html>\\n\\","';","        /* jslint-ignore-end */","        if (local.templateRender) {","            local.assetsDict['/'] = local.templateRender(","                local.assetsDict['/assets.index.template.html'],","                {","                    env: local.objectSetDefault(local.env, {","                        npm_package_description: 'the greatest app in the world!',","                        npm_package_name: 'my-app',","                        npm_package_nameAlias: 'my_app',","                        npm_package_version: '0.0.1'","                    })","                }","            );","        } else {","            local.assetsDict['/'] = local.assetsDict['/assets.index.template.html']","                .replace((/\\{\\{env\\.(\\w+?)\\}\\}/g), function (match0, match1) {","                    // jslint-hack","                    String(match0);","                    switch (match1) {","                    case 'npm_package_description':","                        return 'the greatest app in the world!';","                    case 'npm_package_name':","                        return 'my-app';","                    case 'npm_package_nameAlias':","                        return 'my_app';","                    case 'npm_package_version':","                        return '0.0.1';","                    }","                });","        }","        // run the cli","        if (local.global.utility2_rollup || module !== require.main) {","            break;","        }","        local.assetsDict['/assets.example.js'] =","            local.assetsDict['/assets.example.js'] ||","            local.fs.readFileSync(__filename, 'utf8');","        // bug-workaround - long $npm_package_buildCustomOrg","        /* jslint-ignore-begin */","        local.assetsDict['/assets.npmtest_gridfs_stream.rollup.js'] =","            local.assetsDict['/assets.npmtest_gridfs_stream.rollup.js'] ||","            local.fs.readFileSync(","                local.npmtest_gridfs_stream.__dirname + '/lib.npmtest_gridfs_stream.js',","                'utf8'","            ).replace((/^#!/), '//');","        /* jslint-ignore-end */","        local.assetsDict['/favicon.ico'] = local.assetsDict['/favicon.ico'] || '';","        // if $npm_config_timeout_exit exists,","        // then exit this process after $npm_config_timeout_exit ms","        if (Number(process.env.npm_config_timeout_exit)) {","            setTimeout(process.exit, Number(process.env.npm_config_timeout_exit));","        }","        // start server","        if (local.global.utility2_serverHttp1) {","            break;","        }","        process.env.PORT = process.env.PORT || '8081';","        console.error('server starting on port ' + process.env.PORT);","        local.http.createServer(function (request, response) {","            request.urlParsed = local.url.parse(request.url);","            if (local.assetsDict[request.urlParsed.pathname] !== undefined) {","                response.end(local.assetsDict[request.urlParsed.pathname]);","                return;","            }","            response.statusCode = 404;","            response.end();","        }).listen(process.env.PORT);","        break;","    }","}());",""],"l":{"26":2,"28":2,"33":2,"35":2,"37":2,"38":2,"39":2,"44":1,"51":2,"55":2,"59":2,"61":2,"69":1,"70":2,"76":2,"79":2,"82":2,"83":2,"85":1,"89":2,"92":1,"93":1,"94":1,"96":1,"97":1,"100":1,"101":1,"103":1,"106":1,"108":2,"114":1,"116":1,"118":1,"123":1,"124":2,"125":2,"126":3,"127":3,"128":3,"129":3,"130":1,"133":3,"134":3,"139":3,"143":1,"144":3,"145":1,"149":1,"150":1,"158":1,"160":1,"161":1,"162":1,"164":1,"166":1,"258":1,"259":1,"271":1,"274":6,"275":6,"277":1,"279":2,"281":1,"283":2,"288":1,"289":1,"291":1,"296":1,"303":1,"306":1,"307":1,"310":1,"311":1,"313":1,"314":1,"315":1,"316":1,"317":1,"318":1,"319":1,"321":1,"322":1,"324":1}},"/home/travis/build/npmtest/node-npmtest-gridfs-stream/node_modules/gridfs-stream/index.js":{"path":"/home/travis/build/npmtest/node-npmtest-gridfs-stream/node_modules/gridfs-stream/index.js","s":{"1":1},"b":{},"f":{},"fnMap":{},"statementMap":{"1":{"start":{"line":1,"column":0},"end":{"line":1,"column":44}}},"branchMap":{},"code":["module.exports = exports = require('./lib');",""],"l":{"1":1}},"/home/travis/build/npmtest/node-npmtest-gridfs-stream/node_modules/gridfs-stream/lib/index.js":{"path":"/home/travis/build/npmtest/node-npmtest-gridfs-stream/node_modules/gridfs-stream/lib/index.js","s":{"1":1,"2":1,"3":1,"4":0,"5":0,"6":0,"7":0,"8":0,"9":0,"10":0,"11":0,"12":0,"13":0,"14":1,"15":0,"16":1,"17":0,"18":1,"19":0,"20":0,"21":0,"22":1,"23":0,"24":0,"25":1,"26":0,"27":0,"28":0,"29":0,"30":0,"31":0,"32":1,"33":0,"34":0,"35":0,"36":0,"37":0,"38":0,"39":1,"40":0,"41":0,"42":0,"43":0,"44":0,"45":0,"46":0,"47":0,"48":0,"49":0,"50":0,"51":0,"52":0,"53":0,"54":0,"55":0,"56":0,"57":1,"58":0,"59":0,"60":0,"61":1},"b":{"1":[0,0],"2":[0,0],"3":[0,0],"4":[0,0],"5":[0,0],"6":[0,0],"7":[0,0],"8":[0,0,0],"9":[0,0],"10":[0,0],"11":[0,0],"12":[0,0],"13":[0,0],"14":[0,0],"15":[0,0],"16":[0,0],"17":[0,0],"18":[0,0],"19":[0,0],"20":[0,0],"21":[0,0],"22":[0,0],"23":[0,0]},"f":{"1":0,"2":0,"3":0,"4":0,"5":0,"6":0,"7":0,"8":0,"9":0,"10":0},"fnMap":{"1":{"name":"Grid","line":17,"loc":{"start":{"line":17,"column":0},"end":{"line":17,"column":26}}},"2":{"name":"(anonymous_2)","line":41,"loc":{"start":{"line":41,"column":35},"end":{"line":41,"column":54}}},"3":{"name":"(anonymous_3)","line":52,"loc":{"start":{"line":52,"column":34},"end":{"line":52,"column":53}}},"4":{"name":"(anonymous_4)","line":62,"loc":{"start":{"line":62,"column":7},"end":{"line":62,"column":19}}},"5":{"name":"(anonymous_5)","line":75,"loc":{"start":{"line":75,"column":28},"end":{"line":75,"column":44}}},"6":{"name":"(anonymous_6)","line":87,"loc":{"start":{"line":87,"column":24},"end":{"line":87,"column":53}}},"7":{"name":"(anonymous_7)","line":105,"loc":{"start":{"line":105,"column":23},"end":{"line":105,"column":52}}},"8":{"name":"(anonymous_8)","line":123,"loc":{"start":{"line":123,"column":25},"end":{"line":123,"column":54}}},"9":{"name":"(anonymous_9)","line":140,"loc":{"start":{"line":140,"column":24},"end":{"line":140,"column":46}}},"10":{"name":"tryParseObjectId","line":155,"loc":{"start":{"line":155,"column":34},"end":{"line":155,"column":69}}}},"statementMap":{"1":{"start":{"line":7,"column":0},"end":{"line":7,"column":46}},"2":{"start":{"line":8,"column":0},"end":{"line":8,"column":44}},"3":{"start":{"line":17,"column":0},"end":{"line":32,"column":1}},"4":{"start":{"line":18,"column":2},"end":{"line":20,"column":3}},"5":{"start":{"line":19,"column":4},"end":{"line":19,"column":31}},"6":{"start":{"line":22,"column":2},"end":{"line":22,"column":57}},"7":{"start":{"line":24,"column":2},"end":{"line":24,"column":77}},"8":{"start":{"line":24,"column":14},"end":{"line":24,"column":77}},"9":{"start":{"line":25,"column":2},"end":{"line":25,"column":71}},"10":{"start":{"line":25,"column":11},"end":{"line":25,"column":71}},"11":{"start":{"line":29,"column":2},"end":{"line":29,"column":15}},"12":{"start":{"line":30,"column":2},"end":{"line":30,"column":21}},"13":{"start":{"line":31,"column":2},"end":{"line":31,"column":91}},"14":{"start":{"line":41,"column":0},"end":{"line":43,"column":1}},"15":{"start":{"line":42,"column":2},"end":{"line":42,"column":44}},"16":{"start":{"line":52,"column":0},"end":{"line":54,"column":1}},"17":{"start":{"line":53,"column":2},"end":{"line":53,"column":43}},"18":{"start":{"line":61,"column":0},"end":{"line":66,"column":3}},"19":{"start":{"line":63,"column":4},"end":{"line":63,"column":36}},"20":{"start":{"line":63,"column":19},"end":{"line":63,"column":36}},"21":{"start":{"line":64,"column":4},"end":{"line":64,"column":29}},"22":{"start":{"line":75,"column":0},"end":{"line":78,"column":1}},"23":{"start":{"line":76,"column":2},"end":{"line":76,"column":84}},"24":{"start":{"line":77,"column":2},"end":{"line":77,"column":64}},"25":{"start":{"line":87,"column":0},"end":{"line":96,"column":1}},"26":{"start":{"line":88,"column":2},"end":{"line":88,"column":10}},"27":{"start":{"line":89,"column":2},"end":{"line":91,"column":3}},"28":{"start":{"line":90,"column":4},"end":{"line":90,"column":60}},"29":{"start":{"line":92,"column":2},"end":{"line":94,"column":3}},"30":{"start":{"line":93,"column":4},"end":{"line":93,"column":27}},"31":{"start":{"line":95,"column":2},"end":{"line":95,"column":70}},"32":{"start":{"line":105,"column":0},"end":{"line":114,"column":1}},"33":{"start":{"line":106,"column":4},"end":{"line":106,"column":12}},"34":{"start":{"line":107,"column":4},"end":{"line":109,"column":5}},"35":{"start":{"line":108,"column":8},"end":{"line":108,"column":64}},"36":{"start":{"line":110,"column":4},"end":{"line":112,"column":5}},"37":{"start":{"line":111,"column":8},"end":{"line":111,"column":31}},"38":{"start":{"line":113,"column":4},"end":{"line":113,"column":76}},"39":{"start":{"line":123,"column":0},"end":{"line":145,"column":1}},"40":{"start":{"line":124,"column":2},"end":{"line":126,"column":3}},"41":{"start":{"line":125,"column":4},"end":{"line":125,"column":60}},"42":{"start":{"line":127,"column":2},"end":{"line":127,"column":16}},"43":{"start":{"line":128,"column":2},"end":{"line":132,"column":3}},"44":{"start":{"line":129,"column":4},"end":{"line":131,"column":5}},"45":{"start":{"line":130,"column":6},"end":{"line":130,"column":27}},"46":{"start":{"line":133,"column":2},"end":{"line":135,"column":3}},"47":{"start":{"line":134,"column":4},"end":{"line":134,"column":59}},"48":{"start":{"line":136,"column":2},"end":{"line":136,"column":123}},"49":{"start":{"line":137,"column":2},"end":{"line":139,"column":3}},"50":{"start":{"line":138,"column":4},"end":{"line":138,"column":58}},"51":{"start":{"line":140,"column":2},"end":{"line":144,"column":5}},"52":{"start":{"line":141,"column":4},"end":{"line":141,"column":38}},"53":{"start":{"line":141,"column":15},"end":{"line":141,"column":36}},"54":{"start":{"line":142,"column":4},"end":{"line":142,"column":72}},"55":{"start":{"line":142,"column":19},"end":{"line":142,"column":70}},"56":{"start":{"line":143,"column":4},"end":{"line":143,"column":32}},"57":{"start":{"line":155,"column":0},"end":{"line":161,"column":1}},"58":{"start":{"line":156,"column":2},"end":{"line":160,"column":3}},"59":{"start":{"line":157,"column":4},"end":{"line":157,"column":43}},"60":{"start":{"line":159,"column":4},"end":{"line":159,"column":17}},"61":{"start":{"line":167,"column":0},"end":{"line":167,"column":32}}},"branchMap":{"1":{"line":18,"type":"if","locations":[{"start":{"line":18,"column":2},"end":{"line":18,"column":2}},{"start":{"line":18,"column":2},"end":{"line":18,"column":2}}]},"2":{"line":22,"type":"binary-expr","locations":[{"start":{"line":22,"column":2},"end":{"line":22,"column":7}},{"start":{"line":22,"column":12},"end":{"line":22,"column":55}}]},"3":{"line":22,"type":"cond-expr","locations":[{"start":{"line":22,"column":33},"end":{"line":22,"column":43}},{"start":{"line":22,"column":46},"end":{"line":22,"column":55}}]},"4":{"line":24,"type":"if","locations":[{"start":{"line":24,"column":2},"end":{"line":24,"column":2}},{"start":{"line":24,"column":2},"end":{"line":24,"column":2}}]},"5":{"line":25,"type":"if","locations":[{"start":{"line":25,"column":2},"end":{"line":25,"column":2}},{"start":{"line":25,"column":2},"end":{"line":25,"column":2}}]},"6":{"line":31,"type":"cond-expr","locations":[{"start":{"line":31,"column":39},"end":{"line":31,"column":83}},{"start":{"line":31,"column":86},"end":{"line":31,"column":90}}]},"7":{"line":63,"type":"if","locations":[{"start":{"line":63,"column":4},"end":{"line":63,"column":4}},{"start":{"line":63,"column":4},"end":{"line":63,"column":4}}]},"8":{"line":76,"type":"binary-expr","locations":[{"start":{"line":76,"column":16},"end":{"line":76,"column":20}},{"start":{"line":76,"column":24},"end":{"line":76,"column":35}},{"start":{"line":76,"column":39},"end":{"line":76,"column":83}}]},"9":{"line":89,"type":"if","locations":[{"start":{"line":89,"column":2},"end":{"line":89,"column":2}},{"start":{"line":89,"column":2},"end":{"line":89,"column":2}}]},"10":{"line":90,"type":"binary-expr","locations":[{"start":{"line":90,"column":10},"end":{"line":90,"column":44}},{"start":{"line":90,"column":48},"end":{"line":90,"column":59}}]},"11":{"line":92,"type":"if","locations":[{"start":{"line":92,"column":2},"end":{"line":92,"column":2}},{"start":{"line":92,"column":2},"end":{"line":92,"column":2}}]},"12":{"line":107,"type":"if","locations":[{"start":{"line":107,"column":4},"end":{"line":107,"column":4}},{"start":{"line":107,"column":4},"end":{"line":107,"column":4}}]},"13":{"line":108,"type":"binary-expr","locations":[{"start":{"line":108,"column":14},"end":{"line":108,"column":48}},{"start":{"line":108,"column":52},"end":{"line":108,"column":63}}]},"14":{"line":110,"type":"if","locations":[{"start":{"line":110,"column":4},"end":{"line":110,"column":4}},{"start":{"line":110,"column":4},"end":{"line":110,"column":4}}]},"15":{"line":124,"type":"if","locations":[{"start":{"line":124,"column":2},"end":{"line":124,"column":2}},{"start":{"line":124,"column":2},"end":{"line":124,"column":2}}]},"16":{"line":129,"type":"if","locations":[{"start":{"line":129,"column":4},"end":{"line":129,"column":4}},{"start":{"line":129,"column":4},"end":{"line":129,"column":4}}]},"17":{"line":133,"type":"if","locations":[{"start":{"line":133,"column":2},"end":{"line":133,"column":2}},{"start":{"line":133,"column":2},"end":{"line":133,"column":2}}]},"18":{"line":134,"type":"binary-expr","locations":[{"start":{"line":134,"column":15},"end":{"line":134,"column":46}},{"start":{"line":134,"column":50},"end":{"line":134,"column":58}}]},"19":{"line":136,"type":"cond-expr","locations":[{"start":{"line":136,"column":66},"end":{"line":136,"column":109}},{"start":{"line":136,"column":112},"end":{"line":136,"column":122}}]},"20":{"line":136,"type":"binary-expr","locations":[{"start":{"line":136,"column":19},"end":{"line":136,"column":31}},{"start":{"line":136,"column":36},"end":{"line":136,"column":63}}]},"21":{"line":137,"type":"if","locations":[{"start":{"line":137,"column":2},"end":{"line":137,"column":2}},{"start":{"line":137,"column":2},"end":{"line":137,"column":2}}]},"22":{"line":141,"type":"if","locations":[{"start":{"line":141,"column":4},"end":{"line":141,"column":4}},{"start":{"line":141,"column":4},"end":{"line":141,"column":4}}]},"23":{"line":142,"type":"if","locations":[{"start":{"line":142,"column":4},"end":{"line":142,"column":4}},{"start":{"line":142,"column":4},"end":{"line":142,"column":4}}]}},"code":["// gridfs-stream","","/**"," * Module dependencies."," */","","var GridWriteStream = require('./writestream')","var GridReadStream = require('./readstream')","","/**"," * Grid constructor"," *"," * @param {mongo.Db} db - an open mongo.Db instance"," * @param {mongo} [mongo] - the native driver you are using"," */","","function Grid (db, mongo) {","  if (!(this instanceof Grid)) {","    return new Grid(db, mongo);","  }","","  mongo || (mongo = Grid.mongo ? Grid.mongo : undefined);","","  if (!mongo) throw new Error('missing mongo argument\\nnew Grid(db, mongo)');","  if (!db) throw new Error('missing db argument\\nnew Grid(db, mongo)');","","  // the db must already be open b/c there is no `open` event emitted","  // in old versions of the driver","  this.db = db;","  this.mongo = mongo;","  this.curCol = this.mongo.GridStore ? this.mongo.GridStore.DEFAULT_ROOT_COLLECTION : 'fs';","}","","/**"," * Creates a writable stream."," *"," * @param {Object} [options]"," * @return Stream"," */","","Grid.prototype.createWriteStream = function (options) {","  return new GridWriteStream(this, options);","}","","/**"," * Creates a readable stream. Pass at least a filename or _id option"," *"," * @param {Object} options"," * @return Stream"," */","","Grid.prototype.createReadStream = function (options) {","  return new GridReadStream(this, options);","}","","/**"," * The collection used to store file data in mongodb."," * @return {Collection}"," */","","Object.defineProperty(Grid.prototype, 'files', {","  get: function () {","    if (this._col) return this._col;","    return this.collection();","  }","});","","/**"," * Changes the default collection to `name` or to the default mongodb gridfs collection if not specified."," *"," * @param {String|undefined} name root gridfs collection name"," * @return {Collection}"," */","","Grid.prototype.collection = function (name) {","  this.curCol = name || this.curCol || this.mongo.GridStore.DEFAULT_ROOT_COLLECTION;","  return this._col = this.db.collection(this.curCol + \".files\");","}","","/**"," * Removes a file by passing any options, at least an _id or filename"," *"," * @param {Object} options"," * @param {Function} callback"," */","","Grid.prototype.remove = function (options, callback) {","  var _id;","  if (options._id) {","    _id = this.tryParseObjectId(options._id) || options._id;","  }","  if (!_id) {","    _id = options.filename;","  }","  return this.mongo.GridStore.unlink(this.db, _id, options, callback);","}","","/**"," * Checks if a file exists by passing a filename"," *"," * @param {Object} options"," * @param {Function} callback"," */","","Grid.prototype.exist = function (options, callback) {","    var _id;","    if (options._id) {","        _id = this.tryParseObjectId(options._id) || options._id;","    }","    if (!_id) {","        _id = options.filename;","    }","    return this.mongo.GridStore.exist(this.db, _id, options.root, callback);","}","","/**"," * Find file by passing any options, at least an _id or filename"," *"," * @param {Object} options"," * @param {Function} callback"," */","","Grid.prototype.findOne = function (options, callback) {","  if ('function' != typeof callback) {","    throw new Error('findOne requires a callback function');","  }","  var find = {};","  for (var n in options) {","    if (n != 'root') {","      find[n] = options[n];","    }","  }","  if (find._id) {","    find._id = this.tryParseObjectId(find._id) || find._id;","  }","  var collection = options.root  && options.root != this.curCol ? this.db.collection(options.root + \".files\") : this.files;","  if (!collection) {","    return callback(new Error('No collection specified'));","  }","  collection.find(find, function(err, cursor) {","    if (err) { return callback(err); }","    if (!cursor) { return callback(new Error('Collection not found')); }","    cursor.nextObject(callback);","  });","}","","/**"," * Attemps to parse `string` into an ObjectId"," *"," * @param {GridReadStream} self"," * @param {String|ObjectId} string"," * @return {ObjectId|Boolean}"," */","","Grid.prototype.tryParseObjectId = function tryParseObjectId (string) {","  try {","    return new this.mongo.ObjectID(string);","  } catch (_) {","    return false;","  }","}","","/**"," * expose"," */","","module.exports = exports = Grid;",""],"l":{"7":1,"8":1,"17":1,"18":0,"19":0,"22":0,"24":0,"25":0,"29":0,"30":0,"31":0,"41":1,"42":0,"52":1,"53":0,"61":1,"63":0,"64":0,"75":1,"76":0,"77":0,"87":1,"88":0,"89":0,"90":0,"92":0,"93":0,"95":0,"105":1,"106":0,"107":0,"108":0,"110":0,"111":0,"113":0,"123":1,"124":0,"125":0,"127":0,"128":0,"129":0,"130":0,"133":0,"134":0,"136":0,"137":0,"138":0,"140":0,"141":0,"142":0,"143":0,"155":1,"156":0,"157":0,"159":0,"167":1}},"/home/travis/build/npmtest/node-npmtest-gridfs-stream/node_modules/gridfs-stream/lib/writestream.js":{"path":"/home/travis/build/npmtest/node-npmtest-gridfs-stream/node_modules/gridfs-stream/lib/writestream.js","s":{"1":1,"2":1,"3":1,"4":1,"5":0,"6":0,"7":0,"8":0,"9":0,"10":0,"11":0,"12":0,"13":0,"14":0,"15":0,"16":0,"17":0,"18":0,"19":0,"20":0,"21":0,"22":0,"23":0,"24":0,"25":0,"26":0,"27":0,"28":0,"29":0,"30":0,"31":0,"32":0,"33":1,"34":1,"35":0,"36":0,"37":0,"38":0,"39":0,"40":0,"41":0,"42":0,"43":0,"44":0,"45":0,"46":0,"47":0,"48":0,"49":0,"50":0,"51":0,"52":0,"53":0,"54":0,"55":0,"56":0,"57":0,"58":0,"59":1,"60":0,"61":0,"62":0,"63":0,"64":0,"65":0,"66":0,"67":0,"68":1,"69":0,"70":0,"71":0,"72":0,"73":1,"74":0,"75":1,"76":0,"77":0,"78":0,"79":0,"80":1,"81":0,"82":0,"83":0,"84":0,"85":0,"86":0,"87":0,"88":0,"89":0,"90":0,"91":0,"92":0,"93":0,"94":0,"95":1,"96":0,"97":0,"98":0,"99":0,"100":1,"101":0,"102":0,"103":0,"104":0,"105":0,"106":0,"107":1,"108":0,"109":0,"110":0,"111":0,"112":0,"113":0,"114":1,"115":0},"b":{"1":[0,0],"2":[0,0],"3":[0,0],"4":[0,0],"5":[0,0],"6":[0,0],"7":[0,0],"8":[0,0],"9":[0,0],"10":[0,0],"11":[0,0],"12":[0,0],"13":[0,0],"14":[0,0],"15":[0,0],"16":[0,0],"17":[0,0],"18":[0,0],"19":[0,0],"20":[0,0],"21":[0,0],"22":[0,0],"23":[0,0],"24":[0,0]},"f":{"1":0,"2":0,"3":0,"4":0,"5":0,"6":0,"7":0,"8":0,"9":0,"10":0,"11":0,"12":0,"13":0,"14":0,"15":0},"fnMap":{"1":{"name":"GridWriteStream","line":26,"loc":{"start":{"line":26,"column":0},"end":{"line":26,"column":41}}},"2":{"name":"(anonymous_2)","line":90,"loc":{"start":{"line":90,"column":34},"end":{"line":90,"column":46}}},"3":{"name":"(anonymous_3)","line":96,"loc":{"start":{"line":96,"column":18},"end":{"line":96,"column":37}}},"4":{"name":"(anonymous_4)","line":131,"loc":{"start":{"line":131,"column":43},"end":{"line":131,"column":76}}},"5":{"name":"(anonymous_5)","line":137,"loc":{"start":{"line":137,"column":26},"end":{"line":137,"column":48}}},"6":{"name":"(anonymous_6)","line":154,"loc":{"start":{"line":154,"column":35},"end":{"line":154,"column":68}}},"7":{"name":"(anonymous_7)","line":171,"loc":{"start":{"line":171,"column":43},"end":{"line":171,"column":62}}},"8":{"name":"(anonymous_8)","line":181,"loc":{"start":{"line":181,"column":35},"end":{"line":181,"column":54}}},"9":{"name":"(anonymous_9)","line":201,"loc":{"start":{"line":201,"column":43},"end":{"line":201,"column":57}}},"10":{"name":"(anonymous_10)","line":207,"loc":{"start":{"line":207,"column":19},"end":{"line":207,"column":40}}},"11":{"name":"_close","line":223,"loc":{"start":{"line":223,"column":35},"end":{"line":223,"column":56}}},"12":{"name":"_error","line":240,"loc":{"start":{"line":240,"column":35},"end":{"line":240,"column":57}}},"13":{"name":"destroy","line":258,"loc":{"start":{"line":258,"column":36},"end":{"line":258,"column":59}}},"14":{"name":"(anonymous_14)","line":264,"loc":{"start":{"line":264,"column":18},"end":{"line":264,"column":29}}},"15":{"name":"destroySoon","line":277,"loc":{"start":{"line":277,"column":40},"end":{"line":277,"column":64}}}},"statementMap":{"1":{"start":{"line":6,"column":0},"end":{"line":6,"column":27}},"2":{"start":{"line":10,"column":0},"end":{"line":10,"column":45}},"3":{"start":{"line":17,"column":0},"end":{"line":17,"column":43}},"4":{"start":{"line":26,"column":0},"end":{"line":73,"column":1}},"5":{"start":{"line":27,"column":1},"end":{"line":28,"column":44}},"6":{"start":{"line":28,"column":2},"end":{"line":28,"column":44}},"7":{"start":{"line":30,"column":1},"end":{"line":30,"column":26}},"8":{"start":{"line":31,"column":1},"end":{"line":31,"column":22}},"9":{"start":{"line":32,"column":1},"end":{"line":32,"column":23}},"10":{"start":{"line":33,"column":1},"end":{"line":33,"column":23}},"11":{"start":{"line":34,"column":1},"end":{"line":34,"column":23}},"12":{"start":{"line":35,"column":1},"end":{"line":35,"column":25}},"13":{"start":{"line":36,"column":1},"end":{"line":36,"column":28}},"14":{"start":{"line":37,"column":1},"end":{"line":37,"column":19}},"15":{"start":{"line":40,"column":1},"end":{"line":42,"column":2}},"16":{"start":{"line":41,"column":2},"end":{"line":41,"column":34}},"17":{"start":{"line":43,"column":1},"end":{"line":43,"column":30}},"18":{"start":{"line":44,"column":1},"end":{"line":50,"column":2}},"19":{"start":{"line":45,"column":2},"end":{"line":45,"column":52}},"20":{"start":{"line":47,"column":2},"end":{"line":49,"column":3}},"21":{"start":{"line":48,"column":3},"end":{"line":48,"column":30}},"22":{"start":{"line":52,"column":1},"end":{"line":52,"column":35}},"23":{"start":{"line":54,"column":1},"end":{"line":58,"column":2}},"24":{"start":{"line":56,"column":2},"end":{"line":56,"column":38}},"25":{"start":{"line":57,"column":2},"end":{"line":57,"column":30}},"26":{"start":{"line":60,"column":1},"end":{"line":60,"column":17}},"27":{"start":{"line":64,"column":1},"end":{"line":64,"column":94}},"28":{"start":{"line":66,"column":1},"end":{"line":66,"column":27}},"29":{"start":{"line":67,"column":1},"end":{"line":67,"column":27}},"30":{"start":{"line":68,"column":1},"end":{"line":68,"column":27}},"31":{"start":{"line":70,"column":1},"end":{"line":70,"column":17}},"32":{"start":{"line":72,"column":1},"end":{"line":72,"column":14}},"33":{"start":{"line":80,"column":0},"end":{"line":80,"column":46}},"34":{"start":{"line":90,"column":0},"end":{"line":123,"column":1}},"35":{"start":{"line":91,"column":1},"end":{"line":91,"column":26}},"36":{"start":{"line":91,"column":19},"end":{"line":91,"column":26}},"37":{"start":{"line":92,"column":1},"end":{"line":92,"column":27}},"38":{"start":{"line":92,"column":20},"end":{"line":92,"column":27}},"39":{"start":{"line":93,"column":1},"end":{"line":93,"column":22}},"40":{"start":{"line":95,"column":1},"end":{"line":95,"column":17}},"41":{"start":{"line":96,"column":1},"end":{"line":122,"column":4}},"42":{"start":{"line":97,"column":2},"end":{"line":97,"column":24}},"43":{"start":{"line":98,"column":2},"end":{"line":98,"column":35}},"44":{"start":{"line":98,"column":11},"end":{"line":98,"column":35}},"45":{"start":{"line":99,"column":2},"end":{"line":99,"column":22}},"46":{"start":{"line":100,"column":2},"end":{"line":100,"column":20}},"47":{"start":{"line":103,"column":2},"end":{"line":107,"column":3}},"48":{"start":{"line":104,"column":3},"end":{"line":104,"column":38}},"49":{"start":{"line":105,"column":3},"end":{"line":105,"column":29}},"50":{"start":{"line":106,"column":3},"end":{"line":106,"column":38}},"51":{"start":{"line":110,"column":2},"end":{"line":114,"column":3}},"52":{"start":{"line":111,"column":3},"end":{"line":111,"column":36}},"53":{"start":{"line":112,"column":3},"end":{"line":112,"column":29}},"54":{"start":{"line":113,"column":3},"end":{"line":113,"column":39}},"55":{"start":{"line":117,"column":2},"end":{"line":121,"column":3}},"56":{"start":{"line":118,"column":3},"end":{"line":118,"column":41}},"57":{"start":{"line":119,"column":3},"end":{"line":119,"column":29}},"58":{"start":{"line":120,"column":3},"end":{"line":120,"column":92}},"59":{"start":{"line":131,"column":0},"end":{"line":146,"column":1}},"60":{"start":{"line":133,"column":1},"end":{"line":133,"column":29}},"61":{"start":{"line":133,"column":22},"end":{"line":133,"column":29}},"62":{"start":{"line":135,"column":1},"end":{"line":135,"column":17}},"63":{"start":{"line":137,"column":1},"end":{"line":145,"column":4}},"64":{"start":{"line":138,"column":2},"end":{"line":138,"column":35}},"65":{"start":{"line":138,"column":11},"end":{"line":138,"column":35}},"66":{"start":{"line":141,"column":2},"end":{"line":141,"column":40}},"67":{"start":{"line":144,"column":2},"end":{"line":144,"column":9}},"68":{"start":{"line":154,"column":0},"end":{"line":163,"column":1}},"69":{"start":{"line":155,"column":1},"end":{"line":159,"column":2}},"70":{"start":{"line":157,"column":2},"end":{"line":157,"column":70}},"71":{"start":{"line":158,"column":2},"end":{"line":158,"column":9}},"72":{"start":{"line":162,"column":1},"end":{"line":162,"column":44}},"73":{"start":{"line":171,"column":0},"end":{"line":173,"column":1}},"74":{"start":{"line":172,"column":1},"end":{"line":172,"column":22}},"75":{"start":{"line":181,"column":0},"end":{"line":192,"column":1}},"76":{"start":{"line":184,"column":1},"end":{"line":188,"column":2}},"77":{"start":{"line":186,"column":2},"end":{"line":186,"column":31}},"78":{"start":{"line":187,"column":2},"end":{"line":187,"column":9}},"79":{"start":{"line":191,"column":1},"end":{"line":191,"column":30}},"80":{"start":{"line":201,"column":0},"end":{"line":215,"column":1}},"81":{"start":{"line":202,"column":1},"end":{"line":202,"column":27}},"82":{"start":{"line":202,"column":20},"end":{"line":202,"column":27}},"83":{"start":{"line":203,"column":1},"end":{"line":203,"column":27}},"84":{"start":{"line":203,"column":20},"end":{"line":203,"column":27}},"85":{"start":{"line":204,"column":1},"end":{"line":204,"column":22}},"86":{"start":{"line":206,"column":1},"end":{"line":206,"column":17}},"87":{"start":{"line":207,"column":1},"end":{"line":214,"column":4}},"88":{"start":{"line":208,"column":2},"end":{"line":208,"column":24}},"89":{"start":{"line":209,"column":2},"end":{"line":209,"column":23}},"90":{"start":{"line":210,"column":2},"end":{"line":210,"column":35}},"91":{"start":{"line":210,"column":11},"end":{"line":210,"column":35}},"92":{"start":{"line":211,"column":2},"end":{"line":211,"column":27}},"93":{"start":{"line":213,"column":2},"end":{"line":213,"column":15}},"94":{"start":{"line":213,"column":10},"end":{"line":213,"column":15}},"95":{"start":{"line":223,"column":0},"end":{"line":232,"column":1}},"96":{"start":{"line":224,"column":1},"end":{"line":228,"column":2}},"97":{"start":{"line":226,"column":2},"end":{"line":226,"column":34}},"98":{"start":{"line":227,"column":2},"end":{"line":227,"column":9}},"99":{"start":{"line":231,"column":1},"end":{"line":231,"column":25}},"100":{"start":{"line":240,"column":0},"end":{"line":248,"column":1}},"101":{"start":{"line":242,"column":1},"end":{"line":242,"column":32}},"102":{"start":{"line":242,"column":25},"end":{"line":242,"column":32}},"103":{"start":{"line":243,"column":1},"end":{"line":243,"column":27}},"104":{"start":{"line":245,"column":1},"end":{"line":245,"column":24}},"105":{"start":{"line":246,"column":1},"end":{"line":246,"column":25}},"106":{"start":{"line":247,"column":1},"end":{"line":247,"column":15}},"107":{"start":{"line":258,"column":0},"end":{"line":267,"column":1}},"108":{"start":{"line":260,"column":1},"end":{"line":260,"column":29}},"109":{"start":{"line":260,"column":22},"end":{"line":260,"column":29}},"110":{"start":{"line":261,"column":1},"end":{"line":261,"column":24}},"111":{"start":{"line":263,"column":1},"end":{"line":263,"column":17}},"112":{"start":{"line":264,"column":1},"end":{"line":266,"column":4}},"113":{"start":{"line":265,"column":2},"end":{"line":265,"column":19}},"114":{"start":{"line":277,"column":0},"end":{"line":279,"column":2}},"115":{"start":{"line":278,"column":1},"end":{"line":278,"column":23}}},"branchMap":{"1":{"line":27,"type":"if","locations":[{"start":{"line":27,"column":1},"end":{"line":27,"column":1}},{"start":{"line":27,"column":1},"end":{"line":27,"column":1}}]},"2":{"line":40,"type":"if","locations":[{"start":{"line":40,"column":1},"end":{"line":40,"column":1}},{"start":{"line":40,"column":1},"end":{"line":40,"column":1}}]},"3":{"line":43,"type":"binary-expr","locations":[{"start":{"line":43,"column":16},"end":{"line":43,"column":23}},{"start":{"line":43,"column":27},"end":{"line":43,"column":29}}]},"4":{"line":44,"type":"if","locations":[{"start":{"line":44,"column":1},"end":{"line":44,"column":1}},{"start":{"line":44,"column":1},"end":{"line":44,"column":1}}]},"5":{"line":47,"type":"if","locations":[{"start":{"line":47,"column":2},"end":{"line":47,"column":2}},{"start":{"line":47,"column":2},"end":{"line":47,"column":2}}]},"6":{"line":54,"type":"if","locations":[{"start":{"line":54,"column":1},"end":{"line":54,"column":1}},{"start":{"line":54,"column":1},"end":{"line":54,"column":1}}]},"7":{"line":57,"type":"binary-expr","locations":[{"start":{"line":57,"column":14},"end":{"line":57,"column":23}},{"start":{"line":57,"column":27},"end":{"line":57,"column":29}}]},"8":{"line":91,"type":"if","locations":[{"start":{"line":91,"column":1},"end":{"line":91,"column":1}},{"start":{"line":91,"column":1},"end":{"line":91,"column":1}}]},"9":{"line":92,"type":"if","locations":[{"start":{"line":92,"column":1},"end":{"line":92,"column":1}},{"start":{"line":92,"column":1},"end":{"line":92,"column":1}}]},"10":{"line":98,"type":"if","locations":[{"start":{"line":98,"column":2},"end":{"line":98,"column":2}},{"start":{"line":98,"column":2},"end":{"line":98,"column":2}}]},"11":{"line":103,"type":"if","locations":[{"start":{"line":103,"column":2},"end":{"line":103,"column":2}},{"start":{"line":103,"column":2},"end":{"line":103,"column":2}}]},"12":{"line":110,"type":"if","locations":[{"start":{"line":110,"column":2},"end":{"line":110,"column":2}},{"start":{"line":110,"column":2},"end":{"line":110,"column":2}}]},"13":{"line":117,"type":"if","locations":[{"start":{"line":117,"column":2},"end":{"line":117,"column":2}},{"start":{"line":117,"column":2},"end":{"line":117,"column":2}}]},"14":{"line":133,"type":"if","locations":[{"start":{"line":133,"column":1},"end":{"line":133,"column":1}},{"start":{"line":133,"column":1},"end":{"line":133,"column":1}}]},"15":{"line":138,"type":"if","locations":[{"start":{"line":138,"column":2},"end":{"line":138,"column":2}},{"start":{"line":138,"column":2},"end":{"line":138,"column":2}}]},"16":{"line":155,"type":"if","locations":[{"start":{"line":155,"column":1},"end":{"line":155,"column":1}},{"start":{"line":155,"column":1},"end":{"line":155,"column":1}}]},"17":{"line":184,"type":"if","locations":[{"start":{"line":184,"column":1},"end":{"line":184,"column":1}},{"start":{"line":184,"column":1},"end":{"line":184,"column":1}}]},"18":{"line":202,"type":"if","locations":[{"start":{"line":202,"column":1},"end":{"line":202,"column":1}},{"start":{"line":202,"column":1},"end":{"line":202,"column":1}}]},"19":{"line":203,"type":"if","locations":[{"start":{"line":203,"column":1},"end":{"line":203,"column":1}},{"start":{"line":203,"column":1},"end":{"line":203,"column":1}}]},"20":{"line":210,"type":"if","locations":[{"start":{"line":210,"column":2},"end":{"line":210,"column":2}},{"start":{"li
[...]
{"start":{"line":14,"column":0},"end":{"line":14,"column":42}},"4":{"start":{"line":23,"column":0},"end":{"line":86,"column":1}},"5":{"start":{"line":24,"column":2},"end":{"line":25,"column":45}},"6":{"start":{"line":25,"column":4},"end":{"line":25,"column":45}},"7":{"start":{"line":27,"column":2},"end":{"line":27,"column":22}},"8":{"start":{"line":28,"column":2},"end":{"line":28,"column":23}},"9":{"start":{"line":29,"column":2},"end":{"line":29,"column":24}},"10":{"start":{"line":30,"column":2},"end":{"line":30,"column":24}},"11":{"start":{"line":31,"column":2},"end":{"line":31,"column":20}},"12":{"start":{"line":32,"column":2},"end":{"line":32,"column":27}},"13":{"start":{"line":34,"column":2},"end":{"line":34,"column":20}},"14":{"start":{"line":37,"column":2},"end":{"line":39,"column":3}},"15":{"start":{"line":38,"column":4},"end":{"line":38,"column":36}},"16":{"start":{"line":41,"column":2},"end":{"line":41,"column":31}},"17":{"start":{"line":43,"column":2},"end":{"line":49,"column":3}},"18":{"start":{"line":44,"column":4},"end":{"line":44,"column":49}},"19":{"start":{"line":46,"column":4},"end":{"line":48,"column":5}},"20":{"start":{"line":47,"column":6},"end":{"line":47,"column":28}},"21":{"start":{"line":51,"column":2},"end":{"line":51,"column":42}},"22":{"start":{"line":52,"column":2},"end":{"line":52,"column":18}},"23":{"start":{"line":55,"column":2},"end":{"line":55,"column":84}},"24":{"start":{"line":57,"column":2},"end":{"line":57,"column":72}},"25":{"start":{"line":58,"column":2},"end":{"line":60,"column":3}},"26":{"start":{"line":59,"column":4},"end":{"line":59,"column":28}},"27":{"start":{"line":62,"column":2},"end":{"line":62,"column":41}},"28":{"start":{"line":64,"column":2},"end":{"line":64,"column":19}},"29":{"start":{"line":65,"column":2},"end":{"line":65,"column":63}},"30":{"start":{"line":65,"column":32},"end":{"line":65,"column":61}},"31":{"start":{"line":66,"column":2},"end":{"line":66,"column":53}},"32":{"start":{"line":68,"column":2},"end":{"line":68,"column":119}},"33":{"start":{"line":70,"column":2},"end":{"line":73,"column":3}},"34":{"start":{"line":72,"column":4},"end":{"line":72,"column":32}},"35":{"start":{"line":75,"column":2},"end":{"line":75,"column":18}},"36":{"start":{"line":78,"column":2},"end":{"line":81,"column":5}},"37":{"start":{"line":79,"column":4},"end":{"line":79,"column":21}},"38":{"start":{"line":80,"column":4},"end":{"line":80,"column":17}},"39":{"start":{"line":83,"column":2},"end":{"line":85,"column":5}},"40":{"start":{"line":84,"column":4},"end":{"line":84,"column":17}},"41":{"start":{"line":93,"column":0},"end":{"line":93,"column":40}},"42":{"start":{"line":101,"column":0},"end":{"line":136,"column":1}},"43":{"start":{"line":102,"column":2},"end":{"line":102,"column":28}},"44":{"start":{"line":102,"column":21},"end":{"line":102,"column":28}},"45":{"start":{"line":103,"column":2},"end":{"line":103,"column":23}},"46":{"start":{"line":105,"column":2},"end":{"line":105,"column":18}},"47":{"start":{"line":108,"column":2},"end":{"line":135,"column":5}},"48":{"start":{"line":109,"column":4},"end":{"line":109,"column":37}},"49":{"start":{"line":109,"column":13},"end":{"line":109,"column":37}},"50":{"start":{"line":112,"column":4},"end":{"line":134,"column":7}},"51":{"start":{"line":113,"column":8},"end":{"line":113,"column":41}},"52":{"start":{"line":113,"column":17},"end":{"line":113,"column":41}},"53":{"start":{"line":116,"column":8},"end":{"line":133,"column":11}},"54":{"start":{"line":117,"column":8},"end":{"line":117,"column":41}},"55":{"start":{"line":117,"column":17},"end":{"line":117,"column":41}},"56":{"start":{"line":120,"column":12},"end":{"line":120,"column":104}},"57":{"start":{"line":120,"column":71},"end":{"line":120,"column":103}},"58":{"start":{"line":123,"column":12},"end":{"line":132,"column":15}},"59":{"start":{"line":124,"column":14},"end":{"line":124,"column":47}},"60":{"start":{"line":124,"column":23},"end":{"line":124,"column":47}},"61":{"start":{"line":127,"column":14},"end":{"line":127,"column":32}},"62":{"start":{"line":128,"column":14},"end":{"line":128,"column":34}},"63":{"start":{"line":131,"column":14},"end":{"line":131,"column":49}},"64":{"start":{"line":131,"column":36},"end":{"line":131,"column":49}},"65":{"start":{"line":146,"column":0},"end":{"line":157,"column":1}},"66":{"start":{"line":147,"column":2},"end":{"line":147,"column":18}},"67":{"start":{"line":150,"column":2},"end":{"line":150,"column":26}},"68":{"start":{"line":153,"column":2},"end":{"line":153,"column":28}},"69":{"start":{"line":153,"column":21},"end":{"line":153,"column":28}},"70":{"start":{"line":156,"column":2},"end":{"line":156,"column":15}},"71":{"start":{"line":165,"column":0},"end":{"line":199,"column":1}},"72":{"start":{"line":166,"column":2},"end":{"line":166,"column":18}},"73":{"start":{"line":169,"column":2},"end":{"line":169,"column":94}},"74":{"start":{"line":169,"column":21},"end":{"line":169,"column":94}},"75":{"start":{"line":172,"column":2},"end":{"line":198,"column":3}},"76":{"start":{"line":176,"column":4},"end":{"line":176,"column":39}},"77":{"start":{"line":178,"column":4},"end":{"line":178,"column":120}},"78":{"start":{"line":178,"column":63},"end":{"line":178,"column":119}},"79":{"start":{"line":181,"column":4},"end":{"line":191,"column":6}},"80":{"start":{"line":184,"column":6},"end":{"line":184,"column":39}},"81":{"start":{"line":184,"column":15},"end":{"line":184,"column":39}},"82":{"start":{"line":187,"column":6},"end":{"line":187,"column":38}},"83":{"start":{"line":190,"column":6},"end":{"line":190,"column":37}},"84":{"start":{"line":190,"column":22},"end":{"line":190,"column":37}},"85":{"start":{"line":196,"column":4},"end":{"line":196,"column":21}},"86":{"start":{"line":197,"column":4},"end":{"line":197,"column":20}},"87":{"start":{"line":207,"column":0},"end":{"line":218,"column":1}},"88":{"start":{"line":208,"column":2},"end":{"line":208,"column":18}},"89":{"start":{"line":209,"column":2},"end":{"line":209,"column":28}},"90":{"start":{"line":209,"column":21},"end":{"line":209,"column":28}},"91":{"start":{"line":210,"column":2},"end":{"line":210,"column":28}},"92":{"start":{"line":210,"column":21},"end":{"line":210,"column":28}},"93":{"start":{"line":211,"column":2},"end":{"line":211,"column":23}},"94":{"start":{"line":214,"column":2},"end":{"line":217,"column":5}},"95":{"start":{"line":215,"column":4},"end":{"line":215,"column":37}},"96":{"start":{"line":215,"column":13},"end":{"line":215,"column":37}},"97":{"start":{"line":216,"column":4},"end":{"line":216,"column":23}},"98":{"start":{"line":226,"column":0},"end":{"line":235,"column":1}},"99":{"start":{"line":228,"column":2},"end":{"line":228,"column":19}},"100":{"start":{"line":231,"column":2},"end":{"line":231,"column":26}},"101":{"start":{"line":234,"column":2},"end":{"line":234,"column":15}},"102":{"start":{"line":243,"column":0},"end":{"line":247,"column":1}},"103":{"start":{"line":245,"column":2},"end":{"line":245,"column":19}},"104":{"start":{"line":246,"column":2},"end":{"line":246,"column":16}}},"branchMap":{"1":{"line":24,"type":"if","locations":[{"start":{"line":24,"column":2},"end":{"line":24,"column":2}},{"start":{"line":24,"column":2},"end":{"line":24,"column":2}}]},"2":{"line":37,"type":"if","locations":[{"start":{"line":37,"column":2},"end":{"line":37,"column":2}},{"start":{"line":37,"column":2},"end":{"line":37,"column":2}}]},"3":{"line":41,"type":"binary-expr","locations":[{"start":{"line":41,"column":17},"end":{"line":41,"column":24}},{"start":{"line":41,"column":28},"end":{"line":41,"column":30}}]},"4":{"line":43,"type":"if","locations":[{"start":{"line":43,"column":2},"end":{"line":43,"column":2}},{"start":{"line":43,"column":2},"end":{"line":43,"column":2}}]},"5":{"line":46,"type":"if","locations":[{"start":{"line":46,"column":4},"end":{"line":46,"column":4}},{"start":{"line":46,"column":4},"end":{"line":46,"column":4}}]},"6":{"line":51,"type":"binary-expr","locations":[{"start":{"line":51,"column":14},"end":{"line":51,"column":35}},{"start":{"line":51,"column":39},"end":{"line":51,"column":41}}]},"7":{"line":55,"type":"binary-expr","locations":[{"start":{"line":55,"column":20},"end":{"line":55,"column":42}},{"start":{"line":55,"column":46},"end":{"line":55,"column":69}},{"start":{"line":55,"column":73},"end":{"line":55,"column":83}}]},"8":{"line":57,"type":"binary-expr","locations":[{"start":{"line":57,"column":15},"end":{"line":57,"column":33}},{"start":{"line":57,"column":37},"end":{"line":57,"column":71}}]},"9":{"line":58,"type":"if","locations":[{"start":{"line":58,"column":2},"end":{"line":58,"column":2}},{"start":{"line":58,"column":2},"end":{"line":58,"column":2}}]},"10":{"line":66,"type":"binary-expr","locations":[{"start":{"line":66,"column":2},"end":{"line":66,"column":14}},{"start":{"line":66,"column":19},"end":{"line":66,"column":51}}]},"11":{"line":68,"type":"binary-expr","locations":[{"start":{"line":68,"column":50},"end":{"line":68,"column":57}},{"start":{"line":68,"column":61},"end":{"line":68,"column":86}}]},"12":{"line":70,"type":"if","locations":[{"start":{"line":70,"column":2},"end":{"line":70,"column":2}},{"start":{"line":70,"column":2},"end":{"line":70,"column":2}}]},"13":{"line":102,"type":"if","locations":[{"start":{"line":102,"column":2},"end":{"line":102,"column":2}},{"start":{"line":102,"column":2},"end":{"line":102,"column":2}}]},"14":{"line":109,"type":"if","locations":[{"start":{"line":109,"column":4},"end":{"line":109,"column":4}},{"start":{"line":109,"column":4},"end":{"line":109,"column":4}}]},"15":{"line":113,"type":"if","locations":[{"start":{"line":113,"column":8},"end":{"line":113,"column":8}},{"start":{"line":113,"column":8},"end":{"line":113,"column":8}}]},"16":{"line":117,"type":"if","locations":[{"start":{"line":117,"column":8},"end":{"line":117,"column":8}},{"start":{"line":117,"column":8},"end":{"line":117,"column":8}}]},"17":{"line":120,"type":"if","locations":[{"start":{"line":120,"column":12},"end":{"line":120,"column":12}},{"start":{"line":120,"column":12},"end":{"line":120,"column":12}}]},"18":{"line":120,"type":"binary-expr","locations":[{"start":{"line":120,"column":16},"end":{"line":120,"column":34}},{"start":{"line":120,"column":38},"end":{"line":120,"column":68}}]},"19":{"line":124,"type":"if","locations":[{"start":{"line":124,"column":14},"end":{"line":124,"column":14}},{"start":{"line":124,"column":14},"end":{"line":124,"column":14}}]},"20":{"line":131,"type":"if","locations":[{"start":{"line":131,"column":14},"end":{"line":131,"column":14}},{"start":{"line":131,"column":14},"end":{"line":131,"column":14}}]},"21":{"line":153,"type":"if","locations":[{"start":{"line":153,"column":2},"end":{"line":153,"column":2}},{"start":{"line":153,"column":2},"end":{"line":153,"column":2}}]},"22":{"line":169,"type":"if","locations":[{"start":{"line":169,"column":2},"end":{"line":169,"column":2}},{"start":{"line":169,"column":2},"end":{"line":169,"column":2}}]},"23":{"line":172,"type":"if","locations":[{"start":{"line":172,"column":2},"end":{"line":172,"column":2}},{"start":{"line":172,"column":2},"end":{"line":172,"column":2}}]},"24":{"line":172,"type":"binary-expr","locations":[{"start":{"line":172,"column":7},"end":{"line":172,"column":25}},{"start":{"line":172,"column":30},"end":{"line":172,"column":67}},{"start":{"line":172,"column":72},"end":{"line":172,"column":82}}]},"25":{"line":178,"type":"if","locations":[{"start":{"line":178,"column":4},"end":{"line":178,"column":4}},{"start":{"line":178,"column":4},"end":{"line":178,"column":4}}]},"26":{"line":184,"type":"if","locations":[{"start":{"line":184,"column":6},"end":{"line":184,"column":6}},{"start":{"line":184,"column":6},"end":{"line":184,"column":6}}]},"27":{"line":190,"type":"if","locations":[{"start":{"line":190,"column":6},"end":{"line":190,"column":6}},{"start":{"line":190,"column":6},"end":{"line":190,"column":6}}]},"28":{"line":209,"type":"if","locations":[{"start":{"line":209,"column":2},"end":{"line":209,"column":2}},{"start":{"line":209,"column":2},"end":{"line":209,"column":2}}]},"29":{"line":210,"type":"if","locations":[{"start":{"line":210,"column":2},"end":{"line":210,"column":2}},{"start":{"line":210,"column":2},"end":{"line":210,"column":2}}]},"30":{"line":215,"type":"if","locations":[{"start":{"line":215,"column":4},"end":{"line":215,"column":4}},{"start":{"line":215,"column":4},"end":{"line":215,"column":4}}]}},"code":["","/**"," * Module dependencies"," */","","var util = require('util');","var Readable  = require('stream').Readable;","","/**"," * expose"," * @ignore"," */","","module.exports = exports = GridReadStream;","","/**"," * GridReadStream"," *"," * @param {Grid} grid"," * @param {Object} options"," */","","function GridReadStream (grid, options) {","  if (!(this instanceof GridReadStream))","    return new GridReadStream(grid, options);","","  Readable.call(this);","  this._opened = false;","  this._opening = false;","  this._closing = false;","  this._end = false;","  this._needToPush = false;","","  this._grid = grid;","","  // a bit backwards compatible","  if (typeof options === 'string') {","    options = { filename: options };","  }","","  this.options = options || {};","","  if(options._id) {","    this.id = grid.tryParseObjectId(options._id);","","    if(!this.id) {","      this.id = options._id;","    }","  }","","  this.name = this.options.filename || '';","  this.mode = 'r';","","  // If chunk size specified use it for read chunk size otherwise default to 255k (GridStore default). chunkSize and chunk_size in mongodb api so check both.","  this._chunkSize = this.options.chunkSize || this.options.chunk_size || 1024 * 255;","","  this.range = this.options.range || { startPos: 0, endPos: undefined };","  if (typeof(this.range.startPos) === 'undefined') {","    this.range.startPos = 0;","  }","","  this._currentPos = this.range.startPos;","","  var options = {};","  for (var i in this.options) { options[i] = this.options[i]; }","  options.root || (options.root = this._grid.curCol);","","  this._store = new grid.mongo.GridStore(grid.db, this.id || new grid.mongo.ObjectID(), this.name, this.mode, options);","  // Workaround for Gridstore issue https://github.com/mongodb/node-mongodb-native/pull/930","  if (!this.id) {","    // var REFERENCE_BY_FILENAME = 0,","    this._store.referenceBy = 0;","  }","","  var self = this;","","  //Close the store once `end` received","  this.on('end', function() {","    self._end = true;","    self._close()","  });","","  process.nextTick(function() {","    self._open();","  });","}","","/**"," * Inherit from stream.Readable"," * @ignore"," */","","util.inherits(GridReadStream, Readable);","","/**"," * _open"," *"," * @api private"," */","","GridReadStream.prototype._open = function _open () {","  if (this._opening) return;","  this._opening = true;","","  var self = this;","","  // Open the sore","  this._store.open(function (err, gs) {","    if (err) return self._error(err);","","    // Find the length of the file by setting the head to the end of the file and requesting the position","    self._store.seek(0, self._grid.mongo.GridStore.IO_SEEK_END, function(err) {","        if (err) return self._error(err);","","        // Request the position of the end of the file","        self._store.tell(function(err, position) {","        if (err) return self._error(err);","","            // Calculate the correct end position either from EOF or end of range. Also handle incorrect range request.","            if (!self.range.endPos || self.range.endPos > position-1) {self.range.endPos = position - 1};","","            // Set the read head to the beginning of the file or start position if specified","            self._store.seek(self.range.startPos, self._grid.mongo.GridStore.IO_SEEK_SET, function(err) {","              if (err) return self._error(err);","","              // The store is now open","              self.emit('open');","              self._opened = true;","","              // If `_read()` was already called then we need to start pushing data to the stream. Otherwise `_read()` will handle this once called from stream.","              if (self._needToPush) self._push();","            });","        });","    });","  });","}","","/**"," * _read"," *"," * @api private"," */","","// `_read()` will be called when the stream wants to pull more data in","// The advisory `size` argument is ignored in this case and user specified use or default to 255kk.","GridReadStream.prototype._read = function _read (size) {","  var self = this;","","  // Set `_needToPush` to true because the store may still be closed if data is immediately piped. Once the store is open `_needToPush` is checked and _push() called if necessary.","  self._needToPush = true;","","  // The store must be open","  if (!this._opened) return;","","  // Read data from GridStore and push to stream","  self._push();","}","","/**"," * _push"," *"," * @api private"," */","","GridReadStream.prototype._push = function _push () {","  var self = this;","","  // Do not continue if the store is closed","  if (!this._opened) return self._error('Unable to push data. Expected gridstore to be open');","","  // Check if EOF, if the full requested range has been pushed or if the stream must be destroyed. If so than push EOF-signalling `null` chunk","  if ( !this._store.eof() && (self._currentPos <= self.range.endPos) && !this._end) {","","    // Determine the chunk size for the read from GridStore","    // Use default chunk size or user specified","    var readChunkSize = self._chunkSize","    // Override the chunk size if the chunk size is more than the size that is left until EOF/range","    if (self.range.endPos-self._currentPos < self._chunkSize) {readChunkSize = self.range.endPos - self._currentPos + 1};","","    // Read the chunk from GridSore. Head moves automatically after each read.","    self._store.read(readChunkSize,function(err, data) {","","      // If error stop and close the store","      if (err) return self._error(err);","","      // Advance the current position of the read head","      self._currentPos += data.length;","","      // Push data","      if (!self._end) self.push(data)","    })","","","  } else {","    // Push EOF-signalling `null` chunk","    this._end = true;","    self.push(null);","  }","}","","/**"," * _close"," *"," * @api private"," */","","GridReadStream.prototype._close = function _close () {","  var self = this;","  if (!self._opened) return;","  if (self._closing) return;","  this._closing = true;","","  // Close the store and emit `close` event","  self._store.close(function (err) {","    if (err) return self._error(err);","    self.emit('close');","  });","}","","/**"," * _error"," *"," * @api private"," */","","GridReadStream.prototype._error = function _error (err) {","  // Set end true so that no further reads from GridSotre are possible and close the store","  this._end = true;","","  // Emit the error event","  this.emit('error', err);","","  // Close the gridsore if an error is received.","  this._close()","}","","/**"," * destroy"," *"," * @api public"," */","","GridReadStream.prototype.destroy = function destroy () {","  // Set end true so that no further reads from GridSotre are possible and close the store","  this._end = true;","  this._close();","}",""],"l":{"6":1,"7":1,"14":1,"23":1,"24":0,"25":0,"27":0,"28":0,"29":0,"30":0,"31":0,"32":0,"34":0,"37":0,"38":0,"41":0,"43":0,"44":0,"46":0,"47":0,"51":0,"52":0,"55":0,"57":0,"58":0,"59":0,"62":0,"64":0,"65":0,"66":0,"68":0,"70":0,"72":0,"75":0,"78":0,"79":0,"80":0,"83":0,"84":0,"93":1,"101":1,"102":0,"103":0,"105":0,"108":0,"109":0,"112":0,"113":0,"116":0,"117":0,"120":0,"123":0,"124":0,"127":0,"128":0,"131":0,"146":1,"147":0,"150":0,"153":0,"156":0,"165":1,"166":0,"169":0,"172":0,"176":0,"178":0,"181":0,"184":0,"187":0,"190":0,"196":0,"197":0,"207":1,"208":0,"209":0,"210":0,"211":0,"214":0,"215":0,"216":0,"226":1,"228":0,"231":0,"234":0,"243":1,"245":0,"246":0}}}